Case #1: 1 0
Case #2: 1 0
Case #3: 1 1
Case #4: 0 0
Case #5: 500 499
Case #6: 0 0
Case #7: 1 0
Case #8: 0 0
Case #9: 0 0
Case #10: 3 3
Case #11: 0 0
Case #12: 1 0
Case #13: 7 6
Case #14: 1 0
Case #15: 1 0
Case #16: 0 0
Case #17: 0 0
Case #18: 1 1
Case #19: 0 0
Case #20: 1 0
Case #21: 1 0
Case #22: 0 0
Case #23: 3 2
Case #24: 1 1
Case #25: 0 0
Case #26: 0 0
Case #27: 1 0
Case #28: 0 0
Case #29: 0 0
Case #30: 1 0
Case #31: 249 249
Case #32: 0 0
Case #33: 1 1
Case #34: 1 0
Case #35: 0 0
Case #36: 0 0
Case #37: 0 0
Case #38: 1 0
Case #39: 1 1
Case #40: 0 0
Case #41: 0 0
Case #42: 0 0
Case #43: 1 0
Case #44: 7 6
Case #45: 1 1
Case #46: 250 249
Case #47: 0 0
Case #48: 1 1
Case #49: 0 0
Case #50: 0 0
Case #51: 0 0
Case #52: 0 0
Case #53: 3 2
Case #54: 499 499
Case #55: 3 2
Case #56: 0 0
Case #57: 0 0
Case #58: 0 0
Case #59: 1 0
Case #60: 250 249
Case #61: 1 0
Case #62: 0 0
Case #63: 0 0
Case #64: 0 0
Case #65: 0 0
Case #66: 0 0
Case #67: 125 124
Case #68: 1 1
Case #69: 0 0
Case #70: 0 0
Case #71: 0 0
Case #72: 0 0
Case #73: 0 0
Case #74: 3 3
Case #75: 1 0
Case #76: 1 1
Case #77: 0 0
Case #78: 3 3
Case #79: 0 0
Case #80: 2 1
Case #81: 0 0
Case #82: 0 0
Case #83: 0 0
Case #84: 1 0
Case #85: 2 2
Case #86: 1 0
Case #87: 3 3
Case #88: 0 0
Case #89: 1 1
Case #90: 0 0
Case #91: 1 0
Case #92: 1 1
Case #93: 0 0
Case #94: 0 0
Case #95: 0 0
Case #96: 3 2
Case #97: 0 0
Case #98: 0 0
Case #99: 0 0
Case #100: 0 0
