Case #1: -1 1
Case #2: -3 2
Case #3: 1000000000000000000000000 1
Case #4: 1 1
Case #5: 0 1
Case #6: 9856 1
Case #7: 106923097626 233
Case #8: -223184 119945
Case #9: 0 1
Case #10: 8957457835577701381 10587723780060
Case #11: 6150901106172 431
Case #12: 8078858787458 813
Case #13: 3709000869358956301 3784572406296
Case #14: -3016889183 6612840
Case #15: -3109985458814976 5
Case #16: 147520390 169
Case #17: 37516561590539044 403831575
Case #18: 2562730048733537 82324260
Case #19: 479139294060 1
Case #20: 0 1
Case #21: 4137579992 1
Case #22: 952809528 31
Case #23: 0 1
Case #24: -55392 8897
Case #25: 146794018827456 19
Case #26: 166980 1
Case #27: 1094853731855736384 4927
Case #28: 16739076982 1
Case #29: 588355230690 1
Case #30: 7146737290283976 139
Case #31: 13492497350 64291
Case #32: 519 1
Case #33: -1419 1
Case #34: -1 1000000000000000000000000000000000000000000
Case #35: 10754781723 24742
Case #36: 2226669920 73
Case #37: 54583959456 1
Case #38: 92948814 1
Case #39: -199314999 1175
Case #40: 11572578941243863347 964994624
Case #41: 370629 2
Case #42: 380283 764
Case #43: 1645 1
Case #44: 24469969200 1
Case #45: 197082972 1
Case #46: 16888872000 1
Case #47: 1000000000000000000000000000000000000000000000000 1
Case #48: 18071242 571
Case #49: 1510967520000 215336160529
Case #50: 9070458388 25429
Case #51: -444323968 7181023
Case #52: 16718177929170604643200 180681
Case #53: 33600 1
Case #54: 15708621209 21904383
Case #55: 200816616 1
Case #56: 43603560 1
Case #57: 75801481382 345
Case #58: 215699968242427992767079168 160500577
Case #59: 21046950605052 1
Case #60: 119611701 887
Case #61: 94836379748395 18519808
Case #62: 0 1
Case #63: 387246 1
Case #64: 21473947935411368969 3357774
Case #65: 0 1
Case #66: 25607232 1
Case #67: 85986670 1
Case #68: 62078448 1
Case #69: 67715928057 90806800
Case #70: 32562461304514127004975 26762827
Case #71: 151590028647316405 129722164
Case #72: 10560 1
Case #73: 24847799760 1
Case #74: 84318 1
Case #75: 22670186144496 14687
Case #76: 1727 1
Case #77: 0 1
Case #78: 389914910 1
Case #79: 0 1
Case #80: -353862531680 843
Case #81: 56811 28
Case #82: -3301961 252551040
Case #83: 434928 1
Case #84: 3296791730350 24274419
Case #85: 58996736605511 1
Case #86: 10921070592 959
Case #87: 52326 1
Case #88: -1883460923136 17525
Case #89: 25124577709844228 16690081
Case #90: 8300025323520 1
Case #91: 20 1
Case #92: 66750 1
Case #93: -61975 17
Case #94: 41447095620096 1
Case #95: -1000000000000000000000000000000000000000000000000 1
Case #96: 0 1
Case #97: 0 1
Case #98: -2456300 71
Case #99: 1559803091068 19
Case #100: 4285 32
