Case #1: 3
011
101
110
Case #2: 4
0111
1011
1100
1100
Case #3: 10
0101011000
1001011011
0000010100
1100110100
0001010010
1111100000
1100000000
0011000001
0100100000
0100000100
Case #4: 9
001100001
000011010
100000010
100001000
010000100
010100010
000010001
011001000
100000100
Case #5: 9
000111010
000100010
000001010
110011110
100101001
101110111
000101000
111101001
000011010
Case #6: 10
0101010110
1000000001
0000101010
1000101010
0011010101
1000101001
0011010000
1000100010
1011000100
0100110000
Case #7: 6
001011
001101
110110
011010
101100
110000
Case #8: 7
0000111
0011001
0101010
0110100
1001000
1010000
1100000
Case #9: 9
010101100
100100011
000001011
110010000
000101011
101010010
100000011
011011101
011010110
Case #10: 10
0000010100
0000001101
0000010110
0000000110
0000001010
1010001011
0100110111
1111001010
0011111100
0100011000
Case #11: 9
001010001
000110001
100001001
010001011
110000101
001100101
000011010
000100101
111111010
Case #12: 6
010111
101101
010110
111000
101000
110000
Case #13: 9
001010000
001100000
110000000
010000101
100000100
000000011
000110011
000001100
000101100
Case #14: 7
0101111
1010111
0101000
1010000
1100000
1100000
1100000
Case #15: 10
0001010101
0001001000
0000110011
1100001101
0010000001
1010001011
0101010101
1001001000
0010010000
1011111000
Case #16: 7
0100011
1000101
0001010
0010100
0101000
1010000
1100000
Case #17: 7
0100111
1011001
0100010
0100100
1001000
1010000
1100000
Case #18: 22
0100000000000000000001
1010000000000000000000
0101000000000000000000
0010100000000000000000
0001010000000000000000
0000101000000000000000
0000010100000000000000
0000001010000000000000
0000000101000000000000
0000000010100000000000
0000000001010000000000
0000000000101000000000
0000000000010100000000
0000000000001010000000
0000000000000101000000
0000000000000010100000
0000000000000001010000
0000000000000000101000
0000000000000000010100
0000000000000000001010
0000000000000000000101
1000000000000000000010
Case #19: 7
0100111
1010101
0101110
0010110
1111000
1011000
1100000
Case #20: 9
011001011
100010001
100110101
001000011
011001100
100010100
001011011
100100100
111100100
Case #21: 7
0101011
1010101
0101010
1010100
0101000
1010000
1100000
Case #22: 6
011111
101101
110110
111000
101000
110000
Case #23: 10
0011001001
0001011100
1001100110
1110000000
0010000110
0100000101
1100000000
0110110001
0010100001
1000010110
Case #24: 7
0011111
0011111
1100000
1100000
1100000
1100000
1100000
Case #25: 9
000111011
000010101
000101110
101001000
110001000
101110111
011001010
101001100
110001000
Case #26: 6
010111
100101
000110
111000
101000
110000
Case #27: 9
010111101
101100000
010101110
111000010
100001100
101010010
101010001
001101001
100000110
Case #28: 9
011011000
101010001
110001010
000001110
110000111
101100001
000110010
001110100
010011000
Case #29: 4
0011
0011
1100
1100
Case #30: 9
000111001
001111011
010100100
111000000
110000001
110000110
001001011
010001101
110010110
Case #31: 9
001110110
000101101
100001101
110000101
100000110
011000000
111110000
100010001
011100010
Case #32: 10
0000010011
0001110001
0000010101
0100000100
0100001010
1110000011
0000100100
0011001001
1000110001
1110010110
Case #33: 9
001110001
001101000
110011010
110000110
101000111
011000001
000110010
001110101
100011010
Case #34: 8
01001111
10001111
00010111
00100111
11000110
11111000
11111000
11110000
Case #35: 7
0100111
1001101
0001010
0110100
1101000
1010000
1100000
Case #36: 11
01000000111
10001000001
00011010010
00100010011
01100001000
00000000001
00110001000
00001010101
10000001000
10110000001
11010101010
Case #37: 9
001111010
001011001
110011000
100011011
111101100
111110110
000011000
100101000
010100000
Case #38: 7
0000011
0000101
0001010
0010100
0101000
1010000
1100000
Case #39: 9
011001011
101011111
110111100
001000110
011000001
111000000
011100000
110100000
110010000
Case #40: 10
0000101000
0011011000
0100001110
0100001101
1000000011
0100000100
1111000001
0011010010
0010100101
0001101010
Case #41: 7
0000111
0001101
0001010
0110100
1101000
1010000
1100000
Case #42: 8
00011111
00101111
01011110
10101110
11110000
11110000
11110000
11000000
Case #43: 9
000101001
001100000
010110100
111011001
001101111
100110111
001011001
000011000
100111100
Case #44: 9
010000001
100110011
000011101
010010011
011101010
001010011
001000001
010111001
111101110
Case #45: 8
00010111
00111011
01011101
11101001
01110110
10101010
11001100
11110000
Case #46: 7
0001111
0011101
0100010
1100100
1101000
1010000
1100000
Case #47: 9
011010111
100000011
100100101
001011000
100101001
000110100
101001010
110000101
111010010
Case #48: 10
0110010011
1010110101
1100010010
0000000100
0100001001
1110000111
0000100010
0101010000
1010011001
1100110010
Case #49: 7
0011011
0000101
1001010
1010100
0101000
1010000
1100000
Case #50: 9
011010010
100001110
100101010
001010101
100100101
011000010
010110001
111001000
000110100
Case #51: 9
011101100
100001001
100001011
100000010
000001001
111010011
100000001
001101001
011011110
Case #52: 8
01001111
10001011
00010100
00101000
11010000
10100000
11000000
11000000
Case #53: 9
001100010
000100111
100010000
110001011
001000110
000100001
010010011
110110101
010101110
Case #54: 5
01111
10111
11011
11100
11100
Case #55: 9
001001100
000101101
100010001
010000101
001000101
110000111
110111010
000001101
011111010
Case #56: 9
011101010
100101111
100100000
111011110
000100001
110100010
010100001
110101001
010010110
Case #57: 7
0011111
0011001
1100010
1100100
1001000
1010000
1100000
Case #58: 9
011111000
100101001
100101101
111000110
100000001
111000010
001100011
000101100
011010100
Case #59: 11
00101101100
00110011000
11000000100
01000110101
10000000001
10010000000
01010001001
11000010100
10110001010
00000000100
00011010000
Case #60: 5
01011
10101
01010
10100
11000
Case #61: 9
010101100
100000110
000010110
100001010
001001011
100110011
111000011
011111100
000011100
Case #62: 12
010100110010
100011000000
000010110000
100010010000
011101000100
010010010000
101000000001
101101000000
000000000011
000010000001
100000001000
000000101100
Case #63: 9
010100001
101011000
010101011
101000101
010000011
011000110
000101001
001011001
101110110
Case #64: 9
010011011
101101111
010010000
010000111
101000000
110000101
010101010
110100101
110101010
Case #65: 8
00101011
00010101
10000110
01001000
10010000
01100000
10100000
11000000
Case #66: 9
000011000
000010110
000101000
001000100
110000001
101000010
010100000
010001001
000010010
Case #67: 8
01101111
10110101
11011110
01101010
10110100
11101000
10110000
11000000
Case #68: 5
01111
10111
11000
11000
11000
Case #69: 7
0001011
0001101
0001110
1110000
0110000
1010000
1100000
Case #70: 9
001011000
000101001
100010101
010011110
101101001
110110111
001101000
000101000
011011000
Case #71: 7
0010111
0001101
1001010
0110100
1101000
1010000
1100000
Case #72: 10
0101000000
1001010010
0000010101
1100001010
0000010100
0110101010
0001010100
0010101011
0101010101
0010000110
Case #73: 9
011011101
100010000
100010110
000010111
111100000
100000101
101101010
001100101
100101010
Case #74: 9
010110000
101010100
010010110
100001101
111000011
000100110
011101010
001011100
000110000
Case #75: 9
010111010
100000100
000010001
100010111
101101011
100010010
010100010
100111101
001110010
Case #76: 9
001000100
000110100
100011010
010000010
011000001
001000001
110000000
001100000
000011000
Case #77: 9
001111000
001000101
110011010
100001101
101001000
101110110
010101001
001001001
010100110
Case #78: 10
0011000000
0001001000
1000000011
1100000100
0000010100
0000101010
0100010001
0001100000
0010010000
0010001000
Case #79: 9
011111010
100010010
100001010
100000110
110001011
101010111
000101010
111111100
000011000
Case #80: 7
0000011
0010101
0101010
0010100
0101000
1010000
1100000
Case #81: 5
00111
00111
11000
11000
11000
Case #82: 9
010001010
101011110
010110001
001000010
011001101
110010011
010010000
110101000
001011000
Case #83: 7
0000111
0011101
0101010
0110100
1101000
1010000
1100000
Case #84: 9
000000110
000101111
000110011
011001110
001000100
010100100
110111011
111100100
011000100
Case #85: 10
0010010010
0011110000
1101010001
0110100110
0101000101
1110000101
0000000100
0001111000
1001000001
0010110010
Case #86: 8
01111011
10111011
11011101
11101110
11110100
00111000
11010000
11100000
Case #87: 10
0010011100
0000010001
1001011010
0010001001
0000011110
1110101000
1011110010
1000100010
0010101100
0101000000
Case #88: 8
00001011
00000101
00001010
00001100
10110000
01010000
10100000
11000000
Case #89: 7
0111111
1000001
1000010
1000100
1001000
1010000
1100000
Case #90: 9
011000010
100100000
100010000
010001011
001000001
000100100
000001010
100100100
000110000
Case #91: 10
0001010001
0010001001
0100010101
1000010000
0000001011
1011000111
0100100010
0010010001
0000111001
1110110110
Case #92: 8
01110011
10011001
10011010
11101100
01110100
00011000
10100000
11000000
Case #93: 9
010010010
100111000
000010111
010011110
111101011
010110010
001100000
101111000
001010000
Case #94: 10
0011011100
0000111100
1001100000
1010000010
0110000001
1100001000
1100010011
1100000000
0001001001
0000101010
Case #95: 7
0001011
0010101
0101010
1010100
0101000
1010000
1100000
Case #96: 8
00101111
00110011
11011101
01101110
10110100
10111000
11010000
11100000
Case #97: 6
000011
000101
000110
011000
101000
110000
Case #98: 10
0101101010
1001000111
0001000100
1110011101
1000010010
0001100100
1001000000
0111010001
1100100000
0101000100
Case #99: 9
011010100
100011010
100101101
001000101
110001001
011010010
101100000
010001001
001110010
Case #100: 9
000100001
000100111
000111010
111011010
001101101
001110010
010010001
011101000
110010100
Case #101: 6
000111
001101
010110
111000
101000
110000
Case #102: 8
01010111
10101011
01001101
10001110
01110000
10110000
11010000
11100000
Case #103: 7
0001011
0001101
0001110
1110100
0111000
1010000
1100000
Case #104: 9
011011011
101011000
110100000
001010100
110100101
110000101
000111001
100000001
100011110
Case #105: 9
001000001
000111100
100011010
010001001
011000000
011100001
010000010
001000100
100101000
Case #106: 9
011011011
101111001
110010110
010000010
111001011
110010100
001001000
101110000
110010000
Case #107: 12
000001100000
001001000000
010000000001
000001110010
000000011100
110100001001
100100001100
000110001001
000011110101
000010101000
000100000000
001001011000
Case #108: 9
001100100
001000110
110010101
100010010
001101100
000010111
111011001
010101001
001001110
Case #109: 8
01011011
10000101
00000110
10001000
10010000
01100000
10100000
11000000
Case #110: 8
00101111
00011101
10001110
01001100
11110000
11110000
10100000
11000000
Case #111: 8
01111111
10110101
11011110
11101010
10110100
11101000
10110000
11000000
Case #112: 7
0101111
1001011
0001100
1110000
1010000
1100000
1100000
Case #113: 5
01111
10111
11010
11100
11000
Case #114: 5
01111
10001
10010
10100
11000
Case #115: 9
001010001
001001111
110100010
001000100
100001011
010010011
010100010
011011100
110011000
Case #116: 7
0010011
0000101
1001110
0010110
0111000
1011000
1100000
Case #117: 8
01111111
10111001
11000010
11001100
11010100
10011000
10100000
11000000
Case #118: 8
00011011
00000101
00000110
10001000
10010000
01100000
10100000
11000000
Case #119: 5
01111
10011
10011
11100
11100
Case #120: 9
010010010
101111000
010001111
010001001
110001100
011110010
001010011
101001100
001100100
Case #121: 9
000001010
001100100
010111011
011011100
001100000
101100011
010100011
101001101
001001110
Case #122: 11
00001001110
00011000010
00000011110
01000000100
11000001001
00000000010
00100000100
10101000100
10110011001
11100100001
00001000110
Case #123: 9
011111000
101100001
110100100
111001011
100001001
100110011
001000010
000101100
010111000
Case #124: 9
000010011
001001101
010101100
001010101
100101011
011010110
011101000
100011000
110110000
Case #125: 9
010011001
100110110
000110111
011001010
111000110
100100010
011010000
011111000
101000000
Case #126: 10
0000100101
0001110010
0000011001
0100000000
1100010000
0110101001
0010010100
1000001010
0100000100
1010010000
Case #127: 9
010011000
101110010
010001100
010011010
110101001
101110011
001000011
010101100
000011100
Case #128: 7
0011111
0010111
1101000
1010000
1100000
1100000
1100000
Case #129: 9
000001101
000101001
000011110
010001010
001000110
111100101
101011010
001110100
110001000
Case #130: 7
0110111
1001011
1001100
0110000
1010000
1100000
1100000
Case #131: 9
011010101
100000100
100011001
000000101
101001110
001010101
110111010
000010100
101101000
Case #132: 7
0011011
0010101
1101010
1010100
0101000
1010000
1100000
Case #133: 9
011010010
101001100
110000011
000010101
100101111
010010101
010111000
101010000
001111000
Case #134: 9
011010101
101101010
110011001
010001100
101000000
011100101
100101001
010000001
101001110
Case #135: 9
011110001
100101110
100000010
110000100
100000111
010000011
010110001
011011000
100011100
Case #136: 6
000111
000111
000111
111000
111000
111000
Case #137: 11
00001110001
00000010010
00010001000
00100100101
10000100100
10011000010
11000000010
00100000101
00011001000
01000110001
10010001010
Case #138: 9
000101110
000001100
000010011
100001000
001000110
110100011
110010011
101011100
001001100
Case #139: 9
001100001
001011010
110001100
100001001
010000111
011100100
001011011
010010101
100110110
Case #140: 8
01101111
10001001
10001110
00001110
11110100
10111000
10110000
11000000
Case #141: 9
001101101
001011100
110000001
100011100
010100110
110100110
110111000
000011001
101000010
Case #142: 9
011100110
100000011
100011000
100010001
001101101
001010001
100010010
110000101
010111010
Case #143: 7
0101111
1010001
0100010
1000100
1001000
1010000
1100000
Case #144: 6
001111
001111
110000
110000
110000
110000
Case #145: 9
001011000
000110011
100010010
010010101
111100111
100000101
000111010
011010100
010111000
Case #146: 10
0011000001
0001101100
1000010001
1100100100
0101001001
0010001010
0100110000
0101000010
0000010101
1010100010
Case #147: 7
0111111
1010001
1100010
1000100
1001000
1010000
1100000
Case #148: 9
000101100
000011111
000110011
101010001
011100000
110000111
110001001
011001000
011101100
Case #149: 6
010111
100111
000110
111000
111000
110000
Case #150: 9
000110010
000011110
000110101
101011001
111100110
010100000
011010001
110010001
001100110
Case #151: 9
001101111
001100001
110001000
110001011
000001010
101110000
100000001
100110001
110100110
Case #152: 8
01110111
10110011
11010101
11101110
00010110
10111000
11011000
11100000
Case #153: 8
01111111
10100011
11011110
10101110
10110100
10111000
11110000
11000000
Case #154: 8
00001011
00010101
00010110
01101000
10010000
01100000
10100000
11000000
Case #155: 9
010110000
101100110
010001101
110010010
100101000
001010100
011001011
010100100
001000100
Case #156: 10
0001101110
0010011000
0100010000
1000110000
1001001100
0111001001
1100110001
1000100000
1000000001
0000011010
Case #157: 8
00111011
00000101
10001010
10001100
10110000
01010000
10100000
11000000
Case #158: 9
010101101
101000011
010000101
100000110
000000101
100000100
101111001
010100001
111010110
Case #159: 9
001101000
001110110
110110110
111000011
011001100
100010100
011011000
011100001
000100010
Case #160: 8
01001111
10110111
01011011
01101110
10110100
11011000
11110000
11100000
Case #161: 9
011111000
101101110
110110000
111010101
101101001
110010011
010100000
010001000
000111000
Case #162: 9
011001111
100101001
100100001
011010000
000100110
110000101
100011010
100010101
111001010
Case #163: 6
000111
000111
000110
111000
111000
110000
Case #164: 6
001111
001001
110110
101010
101100
110000
Case #165: 9
000010010
000000101
000011100
000000011
101000000
001000001
011000000
100100000
010101000
Case #166: 8
00111111
00101111
11001110
10001100
11110000
11110000
11100000
11000000
Case #167: 8
00110111
00001011
10010101
10101110
01010110
10111000
11011000
11100000
Case #168: 14
00010010100000
00000010000100
00001000100000
10000100000011
00100000000000
00010000010001
11000000000010
00000000001000
10100000001111
00000100000010
00000001100100
01000000101000
00010010110001
00010100100010
Case #169: 9
000001001
000100101
000011110
010011001
001100011
101100010
011000011
001011100
110110100
Case #170: 9
001010011
000111100
100010101
010010000
111100110
010000110
011011010
100011101
101000010
Case #171: 8
01111011
10101101
11010001
10101110
11010110
01011010
10011100
11100000
Case #172: 9
011000111
101011011
110111100
001000100
011001101
011010000
101110000
110000000
110010000
Case #173: 9
011010001
101101100
110101111
011001000
100001110
011110000
011010000
001010001
101000010
Case #174: 9
010100100
101000011
010011101
100001001
001001100
001110001
101010011
010000101
011101110
Case #175: 10
0100100100
1000010100
0000001110
0000111011
1001001010
0101000011
0011100001
1110000000
0011110000
0001011000
Case #176: 6
001111
001111
110100
111000
110000
110000
Case #177: 9
000000111
000100011
000100001
011011001
000100111
000100110
100011011
110011100
111110100
Case #178: 8
01111111
10111111
11000011
11001110
11010100
11011000
11110000
11100000
Case #179: 6
001111
000111
100110
111000
111000
110000
Case #180: 9
001101000
000101111
100000011
110010110
000100111
110000100
010111001
011110000
011010100
Case #181: 10
0000010011
0000001100
0001010100
0010100000
0001000010
1010000000
0100000001
0110000000
1000100000
1000001000
Case #182: 9
010001001
101111010
010001100
010010010
010101101
111010001
001010001
010100001
100011110
Case #183: 9
000000110
001100111
010010110
010001101
001000110
000100110
111111010
111011101
010100010
Case #184: 8
01000111
10001001
00001010
00001100
01110000
10010000
10100000
11000000
Case #185: 9
000001111
000110010
000111101
011010100
011101010
101010100
101101010
110010100
101000000
Case #186: 9
001101101
001000001
110110111
101001000
001001000
100110110
101001011
001001101
111000110
Case #187: 8
00111111
00011111
10011101
11101010
11110100
11101000
11010000
11100000
Case #188: 10
0000101001
0010000010
0101111000
0010001100
1010010000
0010100110
1011000110
0001011001
0100011001
1000000110
Case #189: 9
010010101
100001010
000001101
000011111
100100010
011100011
101100010
010111100
101101000
Case #190: 6
011011
101101
110110
011000
101000
110000
Case #191: 8
00101111
00101111
11010101
00101110
11010110
11111000
11011000
11100000
Case #192: 9
010000001
100111100
000010101
010001011
011001110
010110001
011010010
000110101
101101010
Case #193: 6
011011
100101
100110
011000
101000
110000
Case #194: 9
011110010
100110011
100010100
110000011
111001011
000010010
001000010
110111101
010110010
Case #195: 9
010111010
100100011
000101101
111001001
100000001
101100001
001000010
110000101
011111010
Case #196: 9
001110111
001010110
110100010
101001010
110001100
000110000
110010010
111100101
100000010
Case #197: 11
00100010000
00000011101
10000100100
00001000010
00010011100
00100011000
11001101100
01001110100
01101011000
00010000001
01000000010
Case #198: 8
00000111
00001101
00010110
00101000
01010000
11100000
10100000
11000000
Case #199: 9
000111011
001011100
010100111
101001000
110000001
110100001
011000010
101000101
101011010
Case #200: 10
0001001010
0011110001
0100110000
1100000010
0110011001
0110101000
1000110011
0000000001
1001001001
0100101110
Case #201: 8
00001011
00010101
00000110
01001000
10010000
01100000
10100000
11000000
Case #202: 6
011111
101111
110000
110000
110000
110000
Case #203: 8
00001111
00010101
00000110
01001000
10010000
11100000
10100000
11000000
Case #204: 9
010110101
101100000
010101110
111000010
100001100
001010010
101010001
001101001
100000110
Case #205: 9
001000110
001011100
110111000
001010000
011101011
011010110
110001001
100011000
000010100
Case #206: 9
011100011
100101111
100000101
110001001
000001001
010110010
011000010
110001100
111110000
Case #207: 8
01111111
10111011
11011110
11101100
11110000
10110000
11100000
11000000
Case #208: 8
01011011
10011101
00011110
11101100
11110100
01111000
10100000
11000000
Case #209: 4
0111
1011
1101
1110
Case #210: 9
001101001
000111000
100110000
111000001
011001110
110010010
000010011
000011100
100100100
Case #211: 8
00101111
00110111
11011010
01101100
10110000
11010000
11100000
11000000
Case #212: 9
000100111
001011001
010110010
101001100
011001000
010110101
100101011
101000100
110001100
Case #213: 8
01111111
10101101
11010101
10100110
11000110
11111000
10011000
11100000
Case #214: 9
010001101
101010010
010111100
001001100
011000001
101100111
101101000
010001001
100011010
Case #215: 9
001010011
000001110
100001111
000010101
100101101
011010001
011110000
111000000
101111000
Case #216: 11
00000000100
00101000011
01010110000
00100101010
01000010110
00110000010
00101000100
00010000100
10001011001
01011100001
01000000110
Case #217: 7
0100111
1011001
0101010
0110100
1001000
1010000
1100000
Case #218: 11
01000001011
10011100101
00001011001
01000100000
01100010000
01010010000
00101100100
10100000001
01000010000
10000000001
11100001010
Case #219: 9
010000101
101010100
010111011
001011001
011100001
001100110
110001000
001001001
101110010
Case #220: 9
000110100
001100111
010000010
110010101
100100001
000000111
110101001
011001001
010111110
Case #221: 7
0101011
1001101
0001110
1110000
0110000
1010000
1100000
Case #222: 6
011111
101111
110100
111000
110000
110000
Case #223: 9
010011001
101110101
010000011
010000001
110001100
100010100
010011011
001000101
111100110
Case #224: 9
011011000
101001110
110010101
000001011
101000101
110100100
011011010
010100100
001110000
Case #225: 7
0010111
0011001
1100010
0100100
1001000
1010000
1100000
Case #226: 6
010111
101011
010100
101000
110000
110000
Case #227: 9
000110110
000010011
000101100
101000000
110000001
001000010
101000011
110001101
010010110
Case #228: 9
001101000
000011110
100000001
100010100
010101110
110010001
010110000
010010001
001001010
Case #229: 8
01100111
10000111
10011010
00101100
00110000
11010000
11100000
11000000
Case #230: 8
01011111
10011101
00011110
11101010
11110100
11101000
10110000
11000000
Case #231: 6
011111
100101
100110
111000
101000
110000
Case #232: 9
001110011
000001011
100010001
100001110
101000100
010100010
000110010
110101101
111000010
Case #233: 11
00101000100
00100000100
11001110001
00001000101
10110100110
00101000000
00100000101
00000000001
11011010001
00001000001
00110011110
Case #234: 9
001110110
001100011
110011110
110011000
101100010
001100000
101000011
111010100
010000100
Case #235: 5
01111
10101
11010
10100
11000
Case #236: 10
0010010101
0001011010
1000000110
0100001000
0000011000
1100101100
0101110100
1010011001
0110000001
1000000110
Case #237: 13
0011110010001
0001000100000
1001100010010
1110010001000
1010001101000
1001001000000
0000110001000
0100100000000
1010000000000
0001101000001
0000000000010
0010000000100
1000000001000
Case #238: 6
010011
100101
000110
011000
101000
110000
Case #239: 9
001100100
000100011
100111000
111010011
001100111
001000110
100011010
010111100
010110000
Case #240: 9
010101011
101100000
010110101
111001011
001000011
100100100
001001000
100110001
101110010
Case #241: 11
00000001100
00000011000
00001000001
00000000111
00100110000
00001010000
01001100010
11000000000
10010000000
00010010000
00110000000
Case #242: 9
010010011
100101100
000011010
010011001
101100001
011100010
010000011
101001100
100110100
Case #243: 9
000010101
000010010
000100111
001001110
110000011
000100011
101100001
011111001
101011110
Case #244: 8
01001011
10000101
00001010
00001100
10110000
01010000
10100000
11000000
Case #245: 9
011101010
101100000
110010001
110011001
001100111
100100111
000011000
100011000
001111000
Case #246: 9
000010111
000100101
000010110
010010111
101100001
000000110
111101000
101101001
110110010
Case #247: 9
011000100
100011000
100100111
001001011
010000101
010100101
101011010
001100100
001111000
Case #248: 9
001100111
001010100
110010110
100011000
011101000
000110010
111000000
101001001
100000010
Case #249: 10
0010000100
0001010000
1001000000
0110000000
0000000110
0100000001
0000000011
1000100000
0000101000
0000011000
Case #250: 9
000101100
000110101
000100111
111000100
010001010
100010011
111100001
001011000
011001100
Case #251: 7
0111011
1000101
1001010
1010100
0101000
1010000
1100000
Case #252: 9
010110101
101101000
010110000
111000011
101001100
010010001
100010011
000100101
100101110
Case #253: 7
0111111
1011111
1101111
1110011
1110011
1111100
1111100
Case #254: 14
00010001000001
00100001010000
01000000011000
10001000000100
00010000100000
00000010001000
00000100001000
11000000011000
00001000010010
01100001101000
00100111010101
00010000001000
00000000100000
10000000001000
Case #255: 16
0000000000010000
0001000000000000
0000010001000000
0100001100000000
0000000000000110
0010000000100000
0001000000000100
0001000001000000
0000000000000001
0010000100000000
0000010000001000
1000000000001001
0000000000110000
0000101000000000
0000100000000001
0000000010010010
Case #256: 6
000111
000101
000110
111000
101000
110000
Case #257: 9
011110100
100011100
100110101
101000110
111001111
010010000
111110001
000110000
001010100
Case #258: 9
000111100
001100111
010100010
111010000
100100011
100000110
110001011
011011100
010010100
Case #259: 9
010010000
101100010
010000100
010001000
100000100
000100001
001010000
010000001
000001010
Case #260: 10
0101001000
1001010100
0001010001
1110100001
0001010100
0110100110
1000000011
0100110000
0000011001
0011001010
Case #261: 7
0111111
1011001
1101110
1110110
1011000
1011000
1100000
Case #262: 7
0100011
1010101
0101010
0010100
0101000
1010000
1100000
Case #263: 10
0110100111
1000000001
1000100010
0000000101
1010010110
0000100111
0000000100
1001111010
1010110101
1101010010
Case #264: 5
00011
00101
01010
10100
11000
Case #265: 9
011000110
100010010
100011111
000000101
011000011
001000100
101101010
111010101
001110010
Case #266: 10
0000010101
0000000100
0001111010
0010100101
0011011110
1010100010
0010100010
1101100000
0010111001
1001000010
Case #267: 9
011101000
101001001
110110000
101010110
001101101
110010100
000111001
000100001
010010110
Case #268: 10
0010101100
0010101000
1101011100
0010100000
1101001001
0010000100
1110100011
1010010001
0000001001
0000101110
Case #269: 9
010000001
100011110
000011010
000000101
011000110
011000011
010110010
011011101
100101010
Case #270: 9
010010101
101011010
010101101
001011110
110100000
011100001
101100001
010100000
101001100
Case #271: 9
000101100
000101011
000011100
110001101
001001110
111110001
101110010
010010100
010101000
Case #272: 9
011101010
100010101
100110110
101010000
011101100
100010100
011011011
101000100
010000100
Case #273: 9
000111110
000000101
000001001
100001110
100000011
101100110
110101011
100111101
011010110
Case #274: 9
010100110
101111001
010110111
111011010
011100000
010100001
101000000
101100000
011001000
Case #275: 7
0001111
0010111
0101000
1010000
1100000
1100000
1100000
Case #276: 7
0110111
1011101
1101001
0110110
1101010
1001100
1110000
Case #277: 8
01101111
10001001
10010110
00101010
11010100
10101000
10110000
11000000
Case #278: 10
0011010000
0010101000
1101011100
1010011010
0100011000
1011101011
0111110100
0010001000
0001010000
0000010000
Case #279: 6
011111
101011
110100
101000
110000
110000
Case #280: 10
0110011101
1000111001
1001000000
0010110001
0101001000
1101001101
1100110011
1000010000
0000001000
1101011000
Case #281: 7
0111111
1010111
1101011
1010100
1101000
1110000
1110000
Case #282: 7
0110111
1011001
1100010
0100100
1001000
1010000
1100000
Case #283: 9
000010100
001001000
010000001
000000110
100001001
010010110
100101000
000101000
001010000
Case #284: 9
010001110
100101011
000111010
011010101
001100100
111000001
100110010
111000100
010101000
Case #285: 9
010010111
100010100
000001110
000000011
110001100
001010000
111010011
101100100
100100100
Case #286: 9
010000001
101101111
010011010
010011101
001101101
011110001
010110000
011000000
110111000
Case #287: 10
0011111000
0001111100
1000011010
1100000001
1100010010
1110100101
1110000000
0100010000
0010100000
0001010000
Case #288: 9
011101101
100000110
100001000
100000101
000001111
101010010
110110001
010011000
100110100
Case #289: 9
000011001
000101010
000101010
011010000
100101111
111010101
000011010
011010101
100011010
Case #290: 8
00111111
00111111
11001110
11001110
11110000
11110000
11110000
11000000
Case #291: 5
00111
00111
11010
11100
11000
Case #292: 9
011000000
100101100
100101101
011011111
000101100
011110101
011111010
000100100
001101000
Case #293: 9
000111011
001111000
010100100
111000100
110000111
110000010
001110010
100011101
100010010
Case #294: 9
010010010
100001000
000011001
000000011
101000100
011000000
000010010
100100100
001100000
Case #295: 9
011111010
100000101
100110000
101001111
101000110
100100100
010111000
100110001
010100010
Case #296: 8
00001011
00100101
01001010
00001100
10110000
01010000
10100000
11000000
Case #297: 9
011101111
100000010
100100011
101000100
000000111
100000100
100111011
111010100
101010100
Case #298: 9
011100111
101001001
110100100
101001001
000000011
010100110
101001010
100011100
110110000
Case #299: 12
001010000000
000000010101
100000000100
000000001001
100000100000
000000010000
000010001010
010001000010
000100100000
011000000000
000000110000
010100000000
Case #300: 10
0101000100
1000000010
0000000101
1000010000
0000000011
0001001000
0000010100
1010001000
0100100000
0010100000
