Case #1:
GGG
CCC
JJJ
Case #2:
CODE
CODE
CJAM
Case #3:
CA
KE
Case #4:
A
Case #5:
AAAAAAAABBBBBBBBBBBBBBBBB
AAAAAAAABBBBBBBBBBBBBBBBB
AAAAAAAABBBBBBBBBBBBBBBBB
AAAAAAAABBBBBBBBBBBBBBBBB
AAAAAAAABBBBBBBBBBBBBBBBB
AAAAAAAABBBBBBBBBBBBBBBBB
AAAAAAAABBBBBBBBBBBBBBBBB
AAAAAAAABBBBBBBBBBBBBBBBB
AAAAAAAABBBBBBBBBBBBBBBBB
CCCCCCCCBBBBBBBBBBBBBBBBB
CCCCCCCCDDDDDDDDDDDDDDDDD
EEEEEEEEDDDDDDDDDDDDDDDDD
EEEEEEEEDDDDDDDDDDDDDDDDD
EEEEEEEEDDDDDDDDDDDDDDDDD
EEEEEEEEDDDDDDDDDDDDDDDDD
EEEEEEEEDDDDDDDDDDDDDDDDD
EEEEEEEEDDDDDDDDDDDDDDDDD
EEEEEEEEDDDDDDDDDDDDDDDDD
EEEEEEEEDDDDDDDDDDDDDDDDD
EEEEEEEEFFFFFFFFFHHHHHHHH
EEEEEEEEFFFFFFFFFJJJJJJJJ
EEEEEEEEFFFFFFFFFJJJJJJJJ
EEEEEEEEFFFFFFFFFJJJJJJJJ
EEEEEEEEFFFFFFFFFJJJJJJJJ
EEEEEEEEGGGGGGGGGGIIIIIII
Case #6:
GGGGGGGGGGGGGGGGGGGGGGGGG
YYYYYYYYYYYYYYYYYYYYYYYYY
YYYYYYYYYYYYYYYYYYYYYYYYY
NNNNNNNNNNNNNNNNNNNNNNNNN
NNNNNNNNNNNNNNNNNNNNNNNNN
BBBBBBBBBBBBBBBQQQMMMLLLL
BBBBBBBBBBBBBBBQQQMMMLLLL
FFFFFFFFFFFFFFFQQQMMMLLLL
FFFFFFFFFFFFFFFQQQMMMLLLL
OOVVVVVVAAAAZZZZIIMMMLLLL
OOVVVVVVAAAAZZZZIIMMMLLLL
OOVVVVVVAAAAZZZZIIMMMLLLL
OOVVVVVVPPPPZZZZIIMMMRRRR
OOVVVVVVPPPPZZZZIIXXXRRRR
OOVVVVVVPPPPEEEEIIXXXRRRR
OOVVVVVVPPPPEEEEIIXXXRRRR
OOVVVVVVPPPPEEEEIIXXXRRRR
OOVVVVVVPPPPEEEEIIXXXRRRR
OOKKKKKKKWWWEEEEIIXXXRRRR
OODDDDDDDWWWEEEEIIXXXUUUU
OOJJJJJTTWWWEEEEIIXXXUUUU
HHJJJJJTTWWWEEEEIIXXXUUUU
HHJJJJJTTWWWEEEEIIXXXUUUU
HHJJJJJTTWWWCCCCIIXXXUUUU
HHJJJJJTTWWWSSSSIIXXXUUUU
Case #7:
BBBBBBBBBBBRRRRRRRRRRRRRR
BBBBBBBBBBBRRRRRRRRRRRRRR
BBBBBBBBBBBUUUUUUUUUUUUUU
BBBBBBBBBBBUUUUUUUUUUUUUU
BBBBBBBBBBBYYYYYYYQQQQQQQ
JJJJJJJJJJJYYYYYYYQQQQQQQ
JJJJJJJJJJJYYYYYYYQQQQQQQ
JJJJJJJJJJJYYYYYYYQQQQQQQ
JJJJJJJJJJJGGGGGGGQQQQQQQ
HHHHHHHHHHHGGGGGGGQQQQQQQ
HHHHHHHHHHHGGGGGGGIIIIIII
HHHHHHHHHHHGGGGGGGIIIIIII
AAAAAAAAAAAGGGGGGGEEEEEEE
AAAAAAAAAAAGGGGGGGEEEEEEE
AAAAAAAAAAAGGGGGGGMMMMMMM
LLLLLLNNNNNGGGGGGGTTTTTTT
FFFFFFFFFSSGGGGGGGTTTTTTT
DDDDWWWWWSSGGGGGGGTTTTTTT
DDDDWWWWWSSGGGGGGGCCCCCCC
DDDDVVVXXSSGGGGGGGCCCCCCC
DDDDVVVXXPPGGGGGGGCCCCCCC
DDDDVVVXXPPGGGGGGGOOOOOOO
DDDDVVVXXPPZZZZZZZOOOOOOO
DDDDVVVXXPPZZZZZZZOOOOOOO
KKKKVVVXXPPZZZZZZZOOOOOOO
Case #8:
BB
AA
Case #9:
KKKKKKKKKKKKKKKKKKKKKKKKK
KKKKKKKKKKKKKKKKKKKKKKKKK
CCCCCCCCCCCCCCCCCCCCCCCCC
CCCCCCCCCCCCCCCCCCCCCCCCC
AAAAAAAAAAAAAAAAAAAAAJJEG
AAAAAAAAAAAAAAAAAAAAAMMEG
AAAAAAAAAAAAAAAAAAAAAMMEG
QQQQQQQQQQQQQQQQQFFFHHBEU
VVVVVVVVVVVVVVVVVFFFPPBEU
SSSSSSSSSSSSSNNNNFFFIYLTU
SSSSSSSSSSSSSNNNNFFFIYLTU
SSSSSSSSSSSSSNNNNFFFWYLXU
SSSSSSSSSSSSSNNNNFFFWZLXU
SSSSSSSSSSSSSNNNNFFFWZLXU
SSSSSSSSSSSSSNNNNFFFWZLDU
SSSSSSSSSSSSSNNNNOOOWZLDU
SSSSSSSSSSSSSNNNNOOOWZRDU
SSSSSSSSSSSSSNNNNOOOWZRDU
SSSSSSSSSSSSSNNNNOOOWZRDU
SSSSSSSSSSSSSNNNNOOOWZRDU
SSSSSSSSSSSSSNNNNOOOWZRDU
SSSSSSSSSSSSSNNNNOOOWZRDU
SSSSSSSSSSSSSNNNNOOOWZRDU
SSSSSSSSSSSSSNNNNOOOWZRDU
SSSSSSSSSSSSSNNNNOOOWZRDU
Case #10:
GGGGGGGGGGGGGGGGGGGGGGGGG
XXXXXXXXXXXXXXXXXXXXXXUUU
TTTTJJJJJJJJJJJJJJJJJJUUU
TTTTJJJJJJJJJJJJJJJJJJUUU
QQQQJJJJJJJJJJJJJJJJJJUUU
QQQQZZZZZZZZZZZZZZZZZZUUU
QQQQZZZZZZZZZZZZZZZZZZUUU
QQQQMMMMMMMMMMMMMMMMMAUUU
HHHHMMMMMMMMMMMMMMMMMAUUU
SSSSSSSSSSSSPPPPPPPPPAUUU
IIIIIIIIIIIFPPPPPPPPPAUUU
LLLLLLLLLLLFVVVVVVVVVAUUU
LLLLLLLLLLLFCCCCCCCCCAUUU
LLLLLLLLLLLFCCCCCCCCCAUUU
LLLLLLLLLLLFCCCCCCCCCAUUU
LLLLLLLLLLLFCCCCCCCCCAUUU
LLLLLLLLLLLFCCCCCCCCCAUUU
LLLLLLLLLLLFCCCCCCCCCAUUU
LLLLLLLLLLLFWWWWWWWWWAUUU
OOOOOOOOOOOFDDDDDDDDDAUUU
YYYYYYYYYYYFDDDDDDDDDAUUU
NNNNNNNNNNNFKKKKKKKKKAUUU
NNNNNNNNNNNFKKKKKKKKKAUUU
BBBBBBBBBBBEKKKKKKKKKAUUU
BBBBBBBBBBBERRRRRRRRRAUUU
Case #11:
AAAAAAAAAAAAAAAAAAAAAAAAA
BBBBBBBBBBBBBBBBBBBBBBBBB
CCCCCCCCCCCCCCCCCCCCCCCCC
DDDDDDDDDDDDDDDDDDDDDDDDD
EEEEEEEEEEEEEEEEEEEEEEEEE
FFFFFFFFFFFFFFFFFFFFFFFFF
GGGGGGGGGGGGGGGGGGGGGGGGG
HHHHHHHHHHHHHHHHHHHHHHHHH
IIIIIIIIIIIIIIIIIIIIIIIII
JJJJJJJJJJJJJJJJJJJJJJJJJ
KKKKKKKKKKKKKKKKKKKKKKKKK
LLLLLLLLLLLLLLLLLLLLLLLLL
MMMMMMMMMMMMMMMMMMMMMMMMM
NNNNNNNNNNNNNNNNNNNNNNNNN
OOOOOOOOOOOOOOOOOOOOOOOOO
PPPPPPPPPPPPPPPPPPPPPPPPP
QQQQQQQQQQQQQQQQQQQQQQQQQ
RRRRRRRRRRRRRRRRRRRRRRRRR
SSSSSSSSSSSSSSSSSSSSSSSSS
TTTTTTTTTTTTTTTTTTTTTTTTT
UUUUUUUUUUUUUUUUUUUUUUUUU
VVVVVVVVVVVVVVVVVVVVVVVVV
WWWWWWWWWWWWWWWWWWWWWWWWW
XXXXXXXXXXXXXXXXXXXXXXXXX
YYYYYYYYYYYYYYYYYYYYYYYYY
Case #12:
AAAAACCCCCCCCCCCCCCCCCCCC
AAAAACCCCCCCCCCCCCCCCCCCC
AAAAAEEEEEEEEEEEEEEEEEEEE
AAAAAEEEEEEEEEEEEEEEEEEEE
AAAAAEEEEEEEEEEEEEEEEEEEE
AAAAAEEEEEEEEEEEEEEEEEEEE
BBBBBBDDDDDDDDDDDDDDDDDDD
BBBBBBDDDDDDDDDDDDDDDDDDD
BBBBBBDDDDDDDDDDDDDDDDDDD
BBBBBBDDDDDDDDDDDDDDDDDDD
BBBBBBDDDDDDDDDDDDDDDDDDD
BBBBBBDDDDDDDDDDDDDDDDDDD
BBBBBBDDDDDDDDDDDDDDDDDDD
BBBBBBDDDDDDDDDDDDDDDDDDD
BBBBBBDDDDDDDDDDDDDDDDDDD
BBBBBBDDDDDDDDDDDDDDDDDDD
BBBBBBDDDDDDDDDDDDDDDDDDD
BBBBBBFFFFFFFFFFFFFFFFFGG
BBBBBBHHHHHHHHHHHHHHHHHGG
BBBBBBHHHHHHHHHHHHHHHHHII
BBBBBBJJJJJJJJJJJJJJJJJII
BBBBBBJJJJJJJJJJJJJJJJJII
BBBBBBJJJJJJJJJJJJJJJJJII
BBBBBBJJJJJJJJJJJJJJJJJII
BBBBBBJJJJJJJJJJJJJJJJJII
Case #13:
AAAAAAAAAABBBBBBBBBBBBBBB
AAAAAAAAAABBBBBBBBBBBBBBB
AAAAAAAAAABBBBBBBBBBBBBBB
AAAAAAAAAABBBBBBBBBBBBBBB
AAAAAAAAAABBBBBBBBBBBBBBB
AAAAAAAAAABBBBBBBBBBBBBBB
AAAAAAAAAABBBBBBBBBBBBBBB
AAAAAAAAAABBBBBBBBBBBBBBB
AAAAAAAAAABBBBBBBBBBBBBBB
CCCCCCCCCCBBBBBBBBBBBBBBB
CCCCCCCCCCDDDDDDDDDDDDDDD
EEEEEEEEEEDDDDDDDDDDDDDDD
EEEEEEEEEEDDDDDDDDDDDDDDD
EEEEEEEEEEFFFFFFFFFFHHHHH
EEEEEEEEEEFFFFFFFFFFJJJJJ
EEEEEEEEEEFFFFFFFFFFJJJJJ
EEEEEEEEEEFFFFFFFFFFJJJJJ
EEEEEEEEEEFFFFFFFFFFJJJJJ
EEEEEEEEEEGGGGGGGGGGGIIII
EEEEEEEEEEGGGGGGGGGGGIIII
EEEEEEEEEEGGGGGGGGGGGIIII
EEEEEEEEEEGGGGGGGGGGGIIII
EEEEEEEEEEGGGGGGGGGGGIIII
EEEEEEEEEEGGGGGGGGGGGIIII
EEEEEEEEEEGGGGGGGGGGGIIII
Case #14:
AAAAAABBBBBBBBBBBBBBBBBBB
AAAAAABBBBBBBBBBBBBBBBBBB
CCCCCCBBBBBBBBBBBBBBBBBBB
CCCCCCDDDDDDDDDDDDDDDDDDD
EEEEEEDDDDDDDDDDDDDDDDDDD
EEEEEEDDDDDDDDDDDDDDDDDDD
EEEEEEDDDDDDDDDDDDDDDDDDD
EEEEEEDDDDDDDDDDDDDDDDDDD
EEEEEEDDDDDDDDDDDDDDDDDDD
EEEEEEDDDDDDDDDDDDDDDDDDD
EEEEEEDDDDDDDDDDDDDDDDDDD
EEEEEEDDDDDDDDDDDDDDDDDDD
EEEEEEDDDDDDDDDDDDDDDDDDD
EEEEEEDDDDDDDDDDDDDDDDDDD
EEEEEEDDDDDDDDDDDDDDDDDDD
EEEEEEDDDDDDDDDDDDDDDDDDD
EEEEEEDDDDDDDDDDDDDDDDDDD
EEEEEEFFFFFFFFFFHHHHHHHHH
EEEEEEFFFFFFFFFFJJJJJJJJJ
EEEEEEFFFFFFFFFFJJJJJJJJJ
EEEEEEFFFFFFFFFFJJJJJJJJJ
EEEEEEFFFFFFFFFFJJJJJJJJJ
EEEEEEGGGGGGGGGGGIIIIIIII
EEEEEEGGGGGGGGGGGIIIIIIII
EEEEEEGGGGGGGGGGGIIIIIIII
Case #15:
VVVVVVVVVVVVVVVVVVVVVVVVV
KKKKKKKKFFFFFFFFFFFFFFFFF
KKKKKKKKFFFFFFFFFFFFFFFFF
AAAAAAAPZZZZZZZZZZZZZZZZZ
UUUUUSSQIIIGGGGGGGGGGGGGG
DDDDDYYQRRRGGGGGGGGGGGGGG
NNNNNOOHEELGGGGGGGGGGGGGG
NNNNNJCWWXBGGGGGGGGGGGGGG
NNNNNJMMTXBGGGGGGGGGGGGGG
NNNNNJMMTXBGGGGGGGGGGGGGG
NNNNNJMMTXBGGGGGGGGGGGGGG
NNNNNJMMTXBGGGGGGGGGGGGGG
NNNNNJMMTXBGGGGGGGGGGGGGG
NNNNNJMMTXBGGGGGGGGGGGGGG
NNNNNJMMTXBGGGGGGGGGGGGGG
NNNNNJMMTXBGGGGGGGGGGGGGG
NNNNNJMMTXBGGGGGGGGGGGGGG
NNNNNJMMTXBGGGGGGGGGGGGGG
NNNNNJMMTXBGGGGGGGGGGGGGG
NNNNNJMMTXBGGGGGGGGGGGGGG
NNNNNJMMTXBGGGGGGGGGGGGGG
NNNNNJMMTXBGGGGGGGGGGGGGG
NNNNNJMMTXBGGGGGGGGGGGGGG
NNNNNJMMTXBGGGGGGGGGGGGGG
NNNNNJMMTXBGGGGGGGGGGGGGG
Case #16:
KKKKKKKKHHHHHHHHHHHIIIII
KKKKKKKKHHHHHHHHHHHIIIII
KKKKKKKKHHHHHHHHHHHIIIII
KKKKKKKKHHHHHHHHHHHIIIII
SSSSSSSSSSSSSSSVVXXIIIII
UUUUUUUUUUUUUUUUMXXIIIII
WWWWWWWWWWWWWWWWMXXIIIII
QQQQQQQQQQQQQQQQMXXIIIII
QQQQQQQQQQQQQQQQMXXFFFFF
QQQQQQQQQQQQQQQQMXXFFFFF
YYYYYYYYYYYYYYYYMXXFFFFF
YYYYYYYYYYYYYYYYMXXDDDDD
JJJJJJJJJJJJJJJJMXXDDDDD
RRRRRRRRRRRRRRRRMXXDDDDD
TTTTTTTTTTTTTTTTMXXDDDDD
TTTTTTTTTTTTTTTTMXXDDDDD
TTTTTTTTTTTTTTTTMXXDDDDD
AAAAAAAAAAPPPPPPMXXDDDDD
OOOOOOOOOOPPPPPPMXXDDDDD
OOOOOOOOOOPPPPPPMXXDDDDD
NNNNNNNNNNPPPPPPMXXDDDDD
NNNNNNNNNNPPPPPPMXXDDDDD
BBBBBBBBBBPPPPPPMXXDDDDD
BBBBBBBBBBPPPPPPMXXDDDDD
LLLLLLLLLLGEEEEEMCCDDDDD
Case #17:
HHHHHHHHHHHHHHHHHHHHHHHHH
ZZZZZZDDDDDDEEEEEIIIIIIII
ZZZZZZDDDDDDCCCCCIIIIIIII
ZZZZZZBBBBBBCCCCCIIIIIIII
MMMMMMBBBBBBCCCCCIIIIIIII
MMMMMMBBBBBBCCCCCIIIIIIII
MMMMMMRRRRRRCCCCCIIIIIIII
MMMMMMRRRRRRCCCCCIIIIIIII
OOOOOORRRRRRCCCCCIIIIIIII
OOOOOORRRRRRCCCCCIIIIIIII
OOOOOORRRRRRCCCCCIIIIIIII
OOOOOORRRRRRCCCCCIIIIIIII
OOOOOOYYJJJJCCCCCIIIIIIII
VVVVVVYYJJJJCCCCCIIIIIIII
VVVVVVYYJJJJCCCCCIIIIIIII
VVVVVVYYJJJJCCCCCPPPPPPPP
VVVVVVYYJJJJTTTTTLLLLLLLL
VVVVVVUUJJJJWWWWWWWWWSSSS
XXXXXXUUJJJJWWWWWWWWWSSSS
QQQQQQUUJJJJWWWWWWWWWSSSS
GGGGGGUUJJJJNNNNNNNNNSSSS
GGGGGGUUJJJJNNNNNNNNNSSSS
GGGGGGUUJJJJNNNNNNNNNSSSS
AAAAAAUUJJJJKKKKKKKKKSSSS
AAAAAAUUJJJJFFFFFFFFFSSSS
Case #18:
IIIIIIIIIIIIIIIIIIIIIIIII
IIIIIIIIIIIIIIIIIIIIIIIII
AAAAAAAAAAAAAAAAAAAAAAAAA
AAAAAAAAAAAAAAAAAAAAAAAAA
QQQQQQQQQQQQQQQQQQQQQQQQQ
FFFFFFFFFFFFFFUUUUUUUUUUU
HHHHHHHHHHHHHHHHHHHHKKKKK
VVVVVVVVVVVVVVVVVVVVKKKKK
ZZZZZZZEEEEEEEEEEEEEKKKKK
MMMMMMMEEEEEEEEEEEEEKKKKK
MMMMMMMEEEEEEEEEEEEESSSSS
MMMMMMMEEEEEEEEEEEEECCCCC
MMMMMMMEEEEEEEEEEEEECCCCC
MMMMMMMEEEEEEEEEEEEECCCCC
MMMMMMMYYYYYYYYYYYYYCCCCC
MMMMMMMYYYYYYYYYYYYYBBBBB
MMMMMMMYYYYYYYYYYYYYBBBBB
MMMMMMMYYYYYYYYYYYYYBBBBB
MMMMMMMYYYYYYYYYYYYYBBBBB
MMMMMMMNNNNNNNNNNNNNBBBBB
XXXXXXXWWWWWWWWWWWWWWWWWT
XXXXXXXWWWWWWWWWWWWWWWWWT
XXXXXXXPPPPPPPPPPPPPPPPPT
XXXXXXXLLLLLLLLLLDDDRRRRT
GGGGGGGGGGGGJJJJJDDDOOOOT
Case #19:
AAAAAAAAAAAAAAABBBBBBBBBB
AAAAAAAAAAAAAAABBBBBBBBBB
AAAAAAAAAAAAAAABBBBBBBBBB
AAAAAAAAAAAAAAABBBBBBBBBB
AAAAAAAAAAAAAAABBBBBBBBBB
AAAAAAAAAAAAAAABBBBBBBBBB
AAAAAAAAAAAAAAABBBBBBBBBB
AAAAAAAAAAAAAAABBBBBBBBBB
AAAAAAAAAAAAAAABBBBBBBBBB
AAAAAAAAAAAAAAABBBBBBBBBB
AAAAAAAAAAAAAAABBBBBBBBBB
AAAAAAAAAAAAAAABBBBBBBBBB
AAAAAAAAAAAAAAABBBBBBBBBB
AAAAAAAAAAAAAAABBBBBBBBBB
AAAAAAAAAAAAAAABBBBBBBBBB
AAAAAAAAAAAAAAABBBBBBBBBB
AAAAAAAAAAAAAAABBBBBBBBBB
AAAAAAAAAAAAAAABBBBBBBBBB
CCCCCCCCCCCCCCCBBBBBBBBBB
CCCCCCCCCCCCCCCDDDDDDDDDD
EEEEEEEEEEEEEEEDDDDDDDDDD
EEEEEEEEEEEEEEEDDDDDDDDDD
EEEEEEEEEEEEEEEDDDDDDDDDD
EEEEEEEEEEEEEEEDDDDDDDDDD
EEEEEEEEEEEEEEEDDDDDDDDDD
Case #20:
FFFFFFFFFFFFFFFFFFFFFFFFF
FFFFFFFFFFFFFFFFFFFFFFFFF
FFFFFFFFFFFFFFFFFFFFFFFFF
FFFFFFFFFFFFFFFFFFFFFFFFF
FFFFFFFFFFFFFFFFFFFFFFFFF
FFFFFFFFFFFFFFFFFFFFFFFFF
FFFFFFFFFFFFFFFFFFFFFFFFF
DDDDDDDDDDDDDRRRRRRRRRRRR
DDDDDDDDDDDDDRRRRRRRRRRRR
JJJJJJJJJJJJJJIAAAAAAAAAA
XXXXXXXXXXXZNWQAAAAAAAAAA
UUUUUUUUUOOVNWQAAAAAAAAAA
UUUUUUUUUCCVNYPPMMMMMMMMM
UUUUUUUUUSSBTLLHMMMMMMMMM
UUUUUUUUUSSBGLLHMMMMMMMMM
UUUUUUUUUSSKELLHMMMMMMMMM
UUUUUUUUUSSKELLHMMMMMMMMM
UUUUUUUUUSSKELLHMMMMMMMMM
UUUUUUUUUSSKELLHMMMMMMMMM
UUUUUUUUUSSKELLHMMMMMMMMM
UUUUUUUUUSSKELLHMMMMMMMMM
UUUUUUUUUSSKELLHMMMMMMMMM
UUUUUUUUUSSKELLHMMMMMMMMM
UUUUUUUUUSSKELLHMMMMMMMMM
UUUUUUUUUSSKELLHMMMMMMMMM
Case #21:
KKKKKKKKKKKKKKKKKKKKKKKKJ
KKKKKKKKKKKKKKKKKKKKKKKKJ
KKKKKKKKKKKKKKKKKKKKKKKKJ
KKKKKKKKKKKKKKKKKKKKKKKKJ
KKKKKKKKKKKKKKKKKKKKKKKKJ
KKKKKKKKKKKKKKKKKKKKKKKKJ
KKKKKKKKKKKKKKKKKKKKKKKKJ
KKKKKKKKKKKKKKKKKKKKKKKKJ
KKKKKKKKKKKKKKKKKKKKKKKKJ
KKKKKKKKKKKKKKKKKKKKKKKKJ
KKKKKKKKKKKKKKKKKKKKKKKKJ
KKKKKKKKKKKKKKKKKKKKKKKKJ
KKKKKKKKKKKKKKKKKKKKKKKKJ
KKKKKKKKKKKKKKKKKKKKKKKKJ
KKKKKKKKKKKKKKKKKKKKKKKKJ
KKKKKKKKKKKKKKKKKKKKKKKKJ
KKKKKKKKKKKKKKKKKKKKKKKKJ
VVVVVVVVVVVVVVVVVVVVVVVVE
WWWWWWWWWWWWWWWWWWWWWWWWR
HHHHHHHHHHHHHHHHHHHHHLLLU
XXXXXXXXXXXXXXXXXXXXBBIIZ
AAAAAAAAAAAAAAAAAAAABBIIO
AAAAAAAAAAAAAAAAAAAABBIIY
NNNNNNNNNNNNNNNNNNQDCCGGF
NNNNNNNNNNNNNNNNNNQSCCPTM
Case #22:
XXXXXXXXXXXXXXXXXXFFFFFFF
XXXXXXXXXXXXXXXXXXCCCCCCC
XXXXXXXXXXXXXXXXXXCCCCCCC
XXXXXXXXXXXXXXXXXXCCCCCCC
JJJJJJJHHHHHHHHHHHCCCCCCC
JJJJJJJHHHHHHHHHHHCCCCCCC
JJJJJJJQQQQQQQQQQQCCCCCCC
JJJJJJJQQQQQQQQQQQDDDDDDD
JJJJJJJQQQQQQQQQQQYYYYYYY
NNNNNNNNNNVVIIIIIIYYYYYYY
GGGGGGGGGGVVAAAAAAYYYYYYY
SSSSSSSSSSVVAAAAAAYYYYYYY
SSSSSSSSSSVVAAAAAAYYYYYYY
SSSSSSSSSSVVAAAAAABBBBBBB
SSSSSSSSSSVVZZZZZZBBBBBBB
SSSSSSSSSSVVZZZZZZBBBBBBB
SSSSSSSSSSVVZZZZZZEEEEEEE
MMMMMMMMLLVVZZZZZZEEEEEEE
UUUUUUOOLLVVZZZZZZEEEEEEE
UUUUUUOOLLVVZZZZZZKKKKKKK
WWWWWWOOLLVVZZZZZZKKKKKKK
PPPPPPOOLLVVZZZZZZKKKKKKK
PPPPPPOOLLVVZZZZZZKKKKKKK
PPPPPPOOLLVVZZZZZZKKKKKKK
TTTTTTOOLLVVZZZZZZRRRRRRR
Case #23:
IIIIIIIIIIIIIIIIIIIIIOOOO
IIIIIIIIIIIIIIIIIIIIIOOOO
IIIIIIIIIIIIIIIIIIIIIOOOO
IIIIIIIIIIIIIIIIIIIIIOOOO
IIIIIIIIIIIIIIIIIIIIIOOOO
IIIIIIIIIIIIIIIIIIIIIOOOO
IIIIIIIIIIIIIIIIIIIIIOOOO
IIIIIIIIIIIIIIIIIIIIIOOOO
IIIIIIIIIIIIIIIIIIIIIOOOO
IIIIIIIIIIIIIIIIIIIIIOOOO
IIIIIIIIIIIIIIIIIIIIIOOOO
IIIIIIIIIIIIIIIIIIIIIOOOO
IIIIIIIIIIIIIIIIIIIIIOOOO
IIIIIIIIIIIIIIIIIIIIIOOOO
UUUUUUUUUUUUUUUUUUUUUMMMM
RRRRRRRRRRRRRRRRRRRRRMMMM
BBBBBBBBBBBBBBBBBBBBKHJJJ
NNNNNNNNNNNNNNNNNNNNZHTTT
NNNNNNNNNNNNNNNNNNNNZHTTT
NNNNNNNNNNNNNNNNNNNNZHQQQ
GGGGGGGGGGGGGGGGGGEAFWQQQ
GGGGGGGGGGGGGGGGGGEAFWPPP
XXXXXXXXXXXXXXXXXXEAFWDDD
VVVVVVVVVVVVSSSSSSEAFWDDD
VVVVVVVVVVVVCCCCCYELFWDDD
Case #24:
ABCDEFGHIJKLMNOPQRSTUVWXY
ABCDEFGHIJKLMNOPQRSTUVWXY
ABCDEFGHIJKLMNOPQRSTUVWXY
ABCDEFGHIJKLMNOPQRSTUVWXY
ABCDEFGHIJKLMNOPQRSTUVWXY
ABCDEFGHIJKLMNOPQRSTUVWXY
ABCDEFGHIJKLMNOPQRSTUVWXY
ABCDEFGHIJKLMNOPQRSTUVWXY
ABCDEFGHIJKLMNOPQRSTUVWXY
ABCDEFGHIJKLMNOPQRSTUVWXY
ABCDEFGHIJKLMNOPQRSTUVWXY
ABCDEFGHIJKLMNOPQRSTUVWXY
ABCDEFGHIJKLMNOPQRSTUVWXY
ABCDEFGHIJKLMNOPQRSTUVWXY
ABCDEFGHIJKLMNOPQRSTUVWXY
ABCDEFGHIJKLMNOPQRSTUVWXY
ABCDEFGHIJKLMNOPQRSTUVWXY
ABCDEFGHIJKLMNOPQRSTUVWXY
ABCDEFGHIJKLMNOPQRSTUVWXY
ABCDEFGHIJKLMNOPQRSTUVWXY
ABCDEFGHIJKLMNOPQRSTUVWXY
ABCDEFGHIJKLMNOPQRSTUVWXY
ABCDEFGHIJKLMNOPQRSTUVWXY
ABCDEFGHIJKLMNOPQRSTUVWXY
ABCDEFGHIJKLMNOPQRSTUVWXY
Case #25:
IIIIIIIIIIIIIIIIIIIIIIIII
IIIIIIIIIIIIIIIIIIIIIIIII
UUUUUUUUUUUUUUUUUUUUUUUUU
UUUUUUUUUUUUUUUUUUUUUUUUU
UUUUUUUUUUUUUUUUUUUUUUUUU
YYYYYYYYYYYYYLLLLLLLLLLLL
EEEEEEEEEEEEEEEEEEEEERRRR
MMMMMMMMMMMMMMMMMMMMMRRRR
CCCCNNNNNNNNNNNNNNNNNRRRR
CCCCNNNNNNNNNNNNNNNNNRRRR
CCCCTTTTDDDDXXXXXXXXXXXBB
CCCCTTTTDDDDXXXXXXXXXXXGG
PPPPPPQQDDDDXXXXXXXXXXXGG
PPPPPPQQFFFFXXXXXXXXXXXGG
PPPPPPQQFFFFXXXXXXXXXXXGG
PPPPPPQQFFFFSSSSSSSSSSSGG
PPPPPPQQFFFFSSSSSSSSSSSGG
PPPPPPOOFFFFSSSSSSSSSSSGG
PPPPPPOOFFFFAAAAAAAAAAAGG
PPPPPPOOFFFFAAAAAAAAAAAGG
PPPPPPHHFFFFKKKKKKKKKKKGG
PPPPPPHHFFFFKKKKKKKKKKKWW
JJJJJJHHFFFFKKKKKKKKKKKWW
JJJJJJHHFFFFVVVVVVVVVVVWW
Case #26:
AB
Case #27:
MLLLL
MLLLL
KIAAA
GCHJJ
BNOJJ
EFOJJ
DFOJJ
Case #28:
ABCDEFGHIJKLMNOPQRSTUVWXY
ABCDEFGHIJKLMNOPQRSTUVWXY
ABCDEFGHIJKLMNOPQRSTUVWXY
ABCDEFGHIJKLMNOPQRSTUVWXY
ABCDEFGHIJKLMNOPQRSTUVWXY
ABCDEFGHIJKLMNOPQRSTUVWXY
ABCDEFGHIJKLMNOPQRSTUVWXY
ABCDEFGHIJKLMNOPQRSTUVWXY
ABCDEFGHIJKLMNOPQRSTUVWXY
ABCDEFGHIJKLMNOPQRSTUVWXY
ABCDEFGHIJKLMNOPQRSTUVWXY
ABCDEFGHIJKLMNOPQRSTUVWXY
ABCDEFGHIJKLMNOPQRSTUVWXY
ABCDEFGHIJKLMNOPQRSTUVWXY
ABCDEFGHIJKLMNOPQRSTUVWXY
ABCDEFGHIJKLMNOPQRSTUVWXY
ABCDEFGHIJKLMNOPQRSTUVWXY
ABCDEFGHIJKLMNOPQRSTUVWXY
ABCDEFGHIJKLMNOPQRSTUVWXY
ABCDEFGHIJKLMNOPQRSTUVWXY
ABCDEFGHIJKLMNOPQRSTUVWXY
ABCDEFGHIJKLMNOPQRSTUVWXY
ABCDEFGHIJKLMNOPQRSTUVWXY
ABCDEFGHIJKLMNOPQRSTUVWXY
ABCDEFGHIJKLMNOPQRSTUVWXY
Case #29:
AAAAABBBBBBBBBBBBBBBBBBBB
AAAAABBBBBBBBBBBBBBBBBBBB
AAAAABBBBBBBBBBBBBBBBBBBB
AAAAABBBBBBBBBBBBBBBBBBBB
AAAAABBBBBBBBBBBBBBBBBBBB
CCCCCBBBBBBBBBBBBBBBBBBBB
CCCCCDDDDDDDDDDDDDDDDDDDD
EEEEEDDDDDDDDDDDDDDDDDDDD
EEEEEDDDDDDDDDDDDDDDDDDDD
EEEEEDDDDDDDDDDDDDDDDDDDD
EEEEEDDDDDDDDDDDDDDDDDDDD
EEEEEDDDDDDDDDDDDDDDDDDDD
EEEEEDDDDDDDDDDDDDDDDDDDD
EEEEEDDDDDDDDDDDDDDDDDDDD
EEEEEDDDDDDDDDDDDDDDDDDDD
EEEEEDDDDDDDDDDDDDDDDDDDD
EEEEEFFFFFFFFFFFFFHHHHHHH
EEEEEFFFFFFFFFFFFFJJJJJJJ
EEEEEFFFFFFFFFFFFFJJJJJJJ
EEEEEFFFFFFFFFFFFFJJJJJJJ
EEEEEFFFFFFFFFFFFFJJJJJJJ
EEEEEGGGGGGGGGGGGGGIIIIII
EEEEEGGGGGGGGGGGGGGIIIIII
EEEEEGGGGGGGGGGGGGGIIIIII
EEEEEGGGGGGGGGGGGGGIIIIII
Case #30:
TTTTTTTTTTTTTTTTPPPMBRRRR
TTTTTTTTTTTTTTTTPPPMBRRRR
TTTTTTTTTTTTTTTTPPPMBRRRR
TTTTTTTTTTTTTTTTPPPMBRRRR
TTTTTTTTTTTTTTTTPPPMBRRRR
TTTTTTTTTTTTTTTTPPPMBRRRR
TTTTTTTTTTTTTTTTPPPMBRRRR
TTTTTTTTTTTTTTTTPPPMBRRRR
TTTTTTTTTTTTTTTTPPPMBRRRR
TTTTTTTTTTTTTTTTPPPMBRRRR
TTTTTTTTTTTTTTTTPPPMBRRRR
TTTTTTTTTTTTTTTTPPPMBRRRR
TTTTTTTTTTTTTTTTPPPMBRRRR
TTTTTTTTTTTTTTTTPPPMBRRRR
TTTTTTTTTTTTTTTTPPPMBRRRR
TTTTTTTTTTTTTTTTPPPMBRRRR
WWWWWWWWWWWWWWWWWNVZBYYYY
JJJJJJJJJJJJJJJJJHVCBUUUU
JJJJJJJJJJJJJJJJJEVLBKXXX
QQQQQQQQQQQQQQQQAEVLGKXXX
QQQQQQQQQQQQQQQQSIFOGKXXX
QQQQQQQQQQQQQQQQSIDOGKXXX
QQQQQQQQQQQQQQQQSIDOGKXXX
QQQQQQQQQQQQQQQQSIDOGKXXX
QQQQQQQQQQQQQQQQSIDOGKXXX
Case #31:
CB
CA
Case #32:
AAAAAAAAAAAAAAAAAAAAAAAAA
BBBBBBBBBBBBBBBBBBBBBBBBB
CCCCCCCCCCCCCCCCCCCCCCCCC
DDDDDDDDDDDDDDDDDDDDDDDDD
EEEEEEEEEEEEEEEEEEEEEEEEE
FFFFFFFFFFFFFFFFFFFFFFFFF
GGGGGGGGGGGGGGGGGGGGGGGGG
HHHHHHHHHHHHHHHHHHHHHHHHH
IIIIIIIIIIIIIIIIIIIIIIIII
JJJJJJJJJJJJJJJJJJJJJJJJJ
KKKKKKKKKKKKKKKKKKKKKKKKK
LLLLLLLLLLLLLLLLLLLLLLLLL
MMMMMMMMMMMMMMMMMMMMMMMMM
NNNNNNNNNNNNNNNNNNNNNNNNN
OOOOOOOOOOOOOOOOOOOOOOOOO
PPPPPPPPPPPPPPPPPPPPPPPPP
QQQQQQQQQQQQQQQQQQQQQQQQQ
RRRRRRRRRRRRRRRRRRRRRRRRR
SSSSSSSSSSSSSSSSSSSSSSSSS
TTTTTTTTTTTTTTTTTTTTTTTTT
UUUUUUUUUUUUUUUUUUUUUUUUU
VVVVVVVVVVVVVVVVVVVVVVVVV
WWWWWWWWWWWWWWWWWWWWWWWWW
XXXXXXXXXXXXXXXXXXXXXXXXX
YYYYYYYYYYYYYYYYYYYYYYYYY
Case #33:
FFFFFFFFFFFFFFFFFFFFFFFFF
FFFFFFFFFFFFFFFFFFFFFFFFF
FFFFFFFFFFFFFFFFFFFFFFFFF
VVVOOOOOOOOOOOOOOOOOOOOOO
VVVOOOOOOOOOOOOOOOOOOOOOO
CCCOOOOOOOOOOOOOOOOOOOOOO
CCCGGGGGGGGGGGGGGGGGGSSSS
CCCGGGGGGGGGGGGGGGGGGSSSS
CCCGGGGGGGGGGGGGGGGGGNNNN
CCCDDDDDDDDDDDDDDQQQQNNNN
CCCYYYYYYYYYYYYYYYMMMNNNN
CCCYYYYYYYYYYYYYYYMMMNNNN
CCCAAAAAAAAAAAAAAAMMMNNNN
CCCWWWWWWWWWWWWWXXMMMNNNN
CCCWWWWWWWWWWWWWXXMMMNNNN
CCCWWWWWWWWWWWWWXXMMMHHHH
CCCWWWWWWWWWWWWWXXMMMHHHH
CCCBBBBBBBBBBBBBXXMMMHHHH
CCCBBBBBBBBBBBBBJJMMMHHHH
CCCTTTTTZZZZZZZEJJMMMHHHH
CCCTTTTTLLLLLLLEJJMMMHHHH
CCCTTTTTLLLLLLLEJJMMMPPPP
CCCTTTTTLLLLLLLEJJMMMPPPP
CCCUUUUULLLLLLLEJJMMMPPPP
CCCUUUUURRRKKKIEJJMMMPPPP
Case #34:
AAAAAAAAAAABBBBBBBBBBBBBB
AAAAAAAAAAABBBBBBBBBBBBBB
AAAAAAAAAAABBBBBBBBBBBBBB
AAAAAAAAAAABBBBBBBBBBBBBB
AAAAAAAAAAABBBBBBBBBBBBBB
AAAAAAAAAAABBBBBBBBBBBBBB
AAAAAAAAAAABBBBBBBBBBBBBB
AAAAAAAAAAABBBBBBBBBBBBBB
AAAAAAAAAAABBBBBBBBBBBBBB
AAAAAAAAAAABBBBBBBBBBBBBB
AAAAAAAAAAABBBBBBBBBBBBBB
AAAAAAAAAAABBBBBBBBBBBBBB
AAAAAAAAAAABBBBBBBBBBBBBB
AAAAAAAAAAABBBBBBBBBBBBBB
AAAAAAAAAAABBBBBBBBBBBBBB
AAAAAAAAAAABBBBBBBBBBBBBB
AAAAAAAAAAABBBBBBBBBBBBBB
AAAAAAAAAAABBBBBBBBBBBBBB
CCCCCCCCCCCBBBBBBBBBBBBBB
CCCCCCCCCCCDDDDDDDDDDDDDD
EEEEEEEEEEEDDDDDDDDDDDDDD
EEEEEEEEEEEDDDDDDDDDDDDDD
EEEEEEEEEEEDDDDDDDDDDDDDD
EEEEEEEEEEEDDDDDDDDDDDDDD
EEEEEEEEEEEDDDDDDDDDDDDDD
Case #35:
AAAAAAAAAAAAAAAAAAAAAAAAA
BBBBBBBBBBBBBBBBBBBBBBBBB
CCCCCCCCCCCCCCCCCCCCCCCCC
DDDDDDDDDDDDDDDDDDDDDDDDD
EEEEEEEEEEEEEEEEEEEEEEEEE
FFFFFFFFFFFFFFFFFFFFFFFFF
GGGGGGGGGGGGGGGGGGGGGGGGG
HHHHHHHHHHHHHHHHHHHHHHHHH
IIIIIIIIIIIIIIIIIIIIIIIII
JJJJJJJJJJJJJJJJJJJJJJJJJ
KKKKKKKKKKKKKKKKKKKKKKKKK
LLLLLLLLLLLLLLLLLLLLLLLLL
MMMMMMMMMMMMMMMMMMMMMMMMM
NNNNNNNNNNNNNNNNNNNNNNNNN
OOOOOOOOOOOOOOOOOOOOOOOOO
PPPPPPPPPPPPPPPPPPPPPPPPP
QQQQQQQQQQQQQQQQQQQQQQQQQ
RRRRRRRRRRRRRRRRRRRRRRRRR
SSSSSSSSSSSSSSSSSSSSSSSSS
TTTTTTTTTTTTTTTTTTTTTTTTT
UUUUUUUUUUUUUUUUUUUUUUUUU
VVVVVVVVVVVVVVVVVVVVVVVVV
WWWWWWWWWWWWWWWWWWWWWWWWW
XXXXXXXXXXXXXXXXXXXXXXXXX
YYYYYYYYYYYYYYYYYYYYYYYYY
Case #36:
AA
AA
Case #37:
AAAAAAAAAAAAABBBBBBBBBBBB
AAAAAAAAAAAAABBBBBBBBBBBB
AAAAAAAAAAAAABBBBBBBBBBBB
AAAAAAAAAAAAABBBBBBBBBBBB
AAAAAAAAAAAAABBBBBBBBBBBB
AAAAAAAAAAAAABBBBBBBBBBBB
AAAAAAAAAAAAABBBBBBBBBBBB
AAAAAAAAAAAAABBBBBBBBBBBB
AAAAAAAAAAAAABBBBBBBBBBBB
AAAAAAAAAAAAABBBBBBBBBBBB
AAAAAAAAAAAAABBBBBBBBBBBB
AAAAAAAAAAAAABBBBBBBBBBBB
AAAAAAAAAAAAABBBBBBBBBBBB
AAAAAAAAAAAAABBBBBBBBBBBB
AAAAAAAAAAAAABBBBBBBBBBBB
CCCCCCCCCCCCCBBBBBBBBBBBB
CCCCCCCCCCCCCDDDDDDDDDDDD
EEEEEEEEEEEEEDDDDDDDDDDDD
EEEEEEEEEEEEEDDDDDDDDDDDD
EEEEEEEEEEEEEDDDDDDDDDDDD
EEEEEEEEEEEEEDDDDDDDDDDDD
EEEEEEEEEEEEEDDDDDDDDDDDD
EEEEEEEEEEEEEDDDDDDDDDDDD
EEEEEEEEEEEEEDDDDDDDDDDDD
EEEEEEEEEEEEEDDDDDDDDDDDD
Case #38:
GGSSCIEEEEEFFZBBBBXAYYNNT
JJJMCIKVVRLLWPDQQQHOYYNNU
Case #39:
AAACCCCCCCCCCCCCCCCCCCCCC
AAACCCCCCCCCCCCCCCCCCCCCC
AAACCCCCCCCCCCCCCCCCCCCCC
AAAEEEEEEEEEEEEEEEEEEEEEE
AAAEEEEEEEEEEEEEEEEEEEEEE
AAAEEEEEEEEEEEEEEEEEEEEEE
AAAEEEEEEEEEEEEEEEEEEEEEE
BBBBDDDDDDDDDDDDDDDDDDDDD
BBBBDDDDDDDDDDDDDDDDDDDDD
BBBBDDDDDDDDDDDDDDDDDDDDD
BBBBDDDDDDDDDDDDDDDDDDDDD
BBBBDDDDDDDDDDDDDDDDDDDDD
BBBBDDDDDDDDDDDDDDDDDDDDD
BBBBDDDDDDDDDDDDDDDDDDDDD
BBBBDDDDDDDDDDDDDDDDDDDDD
BBBBDDDDDDDDDDDDDDDDDDDDD
BBBBDDDDDDDDDDDDDDDDDDDDD
BBBBDDDDDDDDDDDDDDDDDDDDD
BBBBDDDDDDDDDDDDDDDDDDDDD
BBBBFFFFFFFFFFFFFFFFFGGGG
BBBBHHHHHHHHHHHHHHHHHGGGG
BBBBHHHHHHHHHHHHHHHHHIIII
BBBBJJJJJJJJJJJJJJJJJIIII
BBBBJJJJJJJJJJJJJJJJJIIII
BBBBJJJJJJJJJJJJJJJJJIIII
Case #40:
YYYYYYYYYYYYYYYYYYYYYYYYY
YYYYYYYYYYYYYYYYYYYYYYYYY
YYYYYYYYYYYYYYYYYYYYYYYYY
YYYYYYYYYYYYYYYYYYYYYYYYY
YYYYYYYYYYYYYYYYYYYYYYYYY
YYYYYYYYYYYYYYYYYYYYYYYYY
YYYYYYYYYYYYYYYYYYYYYYYYY
YYYYYYYYYYYYYYYYYYYYYYYYY
YYYYYYYYYYYYYYYYYYYYYYYYY
YYYYYYYYYYYYYYYYYYYYYYYYY
YYYYYYYYYYYYYYYYYYYYYYYYY
YYYYYYYYYYYYYYYYYYYYYYYYY
YYYYYYYYYYYYYYYYYYYYYYYYY
YYYYYYYYYYYYYYYYYYYYYYYYY
LLLLEEEEEEEEEEEEEEEEEEEEE
LLLLHPPPRRRRRRRRRRRRRRRRR
OOOOHVVVRRRRRRRRRRRRRRRRR
ZZZZHIIIRRRRRRRRRRRRRRRRR
ZZZZAIIIBBBBWWWWWWWWWWWWW
FFFFAIIIKKJJWWWWWWWWWWWWW
SSSSACCCKKDDWWWWWWWWWWWWW
SSSSAGGGNNDDWWWWWWWWWWWWW
MMMMAGGGNNDDWWWWWWWWWWWWW
TTTTAGGGUUXXWWWWWWWWWWWWW
TTTTAGGGQQXXWWWWWWWWWWWWW
Case #41:
CCCYYYYYYYYYYYYYYYYYYYYYY
CCCYYYYYYYYYYYYYYYYYYYYYY
CCCYYYYYYYYYYYYYYYYYYYYYY
CCCYYYYYYYYYYYYYYYYYYYYYY
CCCRRHHHHHHHHHHHHHHHHHHHH
EETRRHHHHHHHHHHHHHHHHHHHH
EETBXHHHHHHHHHHHHHHHHHHHH
ZZNWXLLLLLLLLLLLLLLLLLLLL
ZZPWXSSSSMMMMMMMMMMMMMMMM
ZZPWXSSSSMMMMMMMMMMMMMMMM
ZZPWXSSSSDDDDDDDDDDDDDDDD
ZZPWXSSSSKIIIIIIIIIIIIIII
ZZPWQSSSSOIIIIIIIIIIIIIII
ZZPWFFFFJOIIIIIIIIIIIIIII
ZZPWGGUUJOIIIIIIIIIIIIIII
ZZPWAAUUJOIIIIIIIIIIIIIII
ZZPWAAUUJOIIIIIIIIIIIIIII
ZZPWAAUUJOIIIIIIIIIIIIIII
ZZVWAAUUJOIIIIIIIIIIIIIII
ZZVWAAUUJOIIIIIIIIIIIIIII
ZZVWAAUUJOIIIIIIIIIIIIIII
ZZVWAAUUJOIIIIIIIIIIIIIII
ZZVWAAUUJOIIIIIIIIIIIIIII
ZZVWAAUUJOIIIIIIIIIIIIIII
ZZVWAAUUJOIIIIIIIIIIIIIII
Case #42:
AAAAAAAAAAAAAAAAAAAAAAAAA
AAAAAAAAAAAAAAAAAAAAAAAAA
AAAAAAAAAAAAAAAAAAAAAAAAA
AAAAAAAAAAAAAAAAAAAAAAAAA
AAAAAAAAAAAAAAAAAAAAAAAAA
AAAAAAAAAAAAAAAAAAAAAAAAA
AAAAAAAAAAAAAAAAAAAAAAAAA
AAAAAAAAAAAAAAAAAAAAAAAAA
AAAAAAAAAAAAAAAAAAAAAAAAA
AAAAAAAAAAAAAAAAAAAAAAAAA
AAAAAAAAAAAAAAAAAAAAAAAAA
AAAAAAAAAAAAAAAAAAAAAAAAA
AAAAAAAAAAAAAAAAAAAAAAAAA
AAAAAAAAAAAAAAAAAAAAAAAAA
AAAAAAAAAAAAAAAAAAAAAAAAA
AAAAAAAAAAAAAAAAAAAAAAAAA
AAAAAAAAAAAAAAAAAAAAAAAAA
AAAAAAAAAAAAAAAAAAAAAAAAA
AAAAAAAAAAAAAAAAAAAAAAAAA
AAAAAAAAAAAAAAAAAAAAAAAAA
AAAAAAAAAAAAAAAAAAAAAAAAA
AAAAAAAAAAAAAAAAAAAAAAAAA
AAAAAAAAAAAAAAAAAAAAAAAAA
AAAAAAAAAAAAAAAAAAAAAAAAA
AAAAAAAAAAAAAAAAAAAAAAAAA
Case #43:
CCCCC
CCCCC
AAAAA
BBBBB
BBBBB
Case #44:
AAAAAAAAAAAAAAAAAAAAAAAAA
AAAAAAAAAAAAAAAAAAAAAAAAA
AAAAAAAAAAAAAAAAAAAAAAAAA
AAAAAAAAAAAAAAAAAAAAAAAAA
AAAAAAAAAAAAAAAAAAAAAAAAA
AAAAAAAAAAAAAAAAAAAAAAAAA
AAAAAAAAAAAAAAAAAAAAAAAAA
AAAAAAAAAAAAAAAAAAAAAAAAA
AAAAAAAAAAAAAAAAAAAAAAAAA
AAAAAAAAAAAAAAAAAAAAAAAAA
JJUUUUUUUUUUUUUUUUUUUUUUU
TTUUUUUUUUUUUUUUUUUUUUUUU
CCEFFFFFFFFFFFFFFFFFFFFFF
QQEGGGGGGGGGGGGGGGGGGGGGG
LLEZZPPPPPPPPPPPPPPPPPPPP
DDNBMYRRRRRRRRRRRRRRRRRRR
DDNIXYRRRRRRRRRRRRRRRRRRR
KKNVXYRRRRRRRRRRRRRRRRRRR
SOWHXYRRRRRRRRRRRRRRRRRRR
SOWHXYRRRRRRRRRRRRRRRRRRR
SOWHXYRRRRRRRRRRRRRRRRRRR
SOWHXYRRRRRRRRRRRRRRRRRRR
SOWHXYRRRRRRRRRRRRRRRRRRR
SOWHXYRRRRRRRRRRRRRRRRRRR
SOWHXYRRRRRRRRRRRRRRRRRRR
Case #45:
ACCCCCCCCCCCCCCCCCCCCCCCC
ACCCCCCCCCCCCCCCCCCCCCCCC
ACCCCCCCCCCCCCCCCCCCCCCCC
ACCCCCCCCCCCCCCCCCCCCCCCC
ACCCCCCCCCCCCCCCCCCCCCCCC
AEEEEEEEEEEEEEEEEEEEEEEEE
AEEEEEEEEEEEEEEEEEEEEEEEE
AEEEEEEEEEEEEEEEEEEEEEEEE
AEEEEEEEEEEEEEEEEEEEEEEEE
BBDDDDDDDDDDDDDDDDDDDDDDD
BBDDDDDDDDDDDDDDDDDDDDDDD
BBDDDDDDDDDDDDDDDDDDDDDDD
BBDDDDDDDDDDDDDDDDDDDDDDD
BBDDDDDDDDDDDDDDDDDDDDDDD
BBDDDDDDDDDDDDDDDDDDDDDDD
BBDDDDDDDDDDDDDDDDDDDDDDD
BBDDDDDDDDDDDDDDDDDDDDDDD
BBDDDDDDDDDDDDDDDDDDDDDDD
BBDDDDDDDDDDDDDDDDDDDDDDD
BBDDDDDDDDDDDDDDDDDDDDDDD
BBDDDDDDDDDDDDDDDDDDDDDDD
BBDDDDDDDDDDDDDDDDDDDDDDD
BBDDDDDDDDDDDDDDDDDDDDDDD
BBDDDDDDDDDDDDDDDDDDDDDDD
BBDDDDDDDDDDDDDDDDDDDDDDD
Case #46:
EEEEEEEEEEEEEEEEEEEBBBBBB
EEEEEEEEEEEEEEEEEEEBBBBBB
EEEEEEEEEEEEEEEEEEEBBBBBB
EEEEEEEEEEEEEEEEEEEBBBBBB
EEEEEEEEEEEEEEEEEEEBBBBBB
EEEEEEEEEEEEEEEEEEELLLLLL
FFFFFFFFFFFFFFFFFFFLLLLLL
DDDDDDDDDDDDDDDDDDDLLLLLL
DDDDDDDDDDDDDDDDDDDMMMMMM
DDDDDDDDDDDDDDDDDDDGGGGGG
HHHHHHHHHHHHHHHHHHHGGGGGG
VVVVVVVVVVVVTTTTTTTGGGGGG
VVVVVVVVVVVVTTTTTTTSSSSSS
VVVVVVVVVVVVTTTTTTTKKKKKK
VVVVVVVVVVVVOOOOOOOKKKKKK
UUUUUUUUUUCCOOOOOOOKKKKKK
ZZZZZZZZZZCCNNNNNNNKKKKKK
ZZZZZZZZZZCCAAAAAAAKKKKKK
ZZZZZZZZZZCCIIIIIIIWWWRRR
QQQQQQQQQQCCIIIIIIIWWWRRR
QQQQQQQQQQCCXXXXXXXWWWRRR
QQQQQQQQQQCCPPPPPPPWWWRRR
QQQQQQQQQQCCYYYYYYYWWWRRR
QQQQQQQQQQCCYYYYYYYWWWRRR
QQQQQQQQQQCCJJJJJJJWWWRRR
Case #47:
ZZZZZZZZZZZZZZZZZZZZZZZZZ
ZZZZZZZZZZZZZZZZZZZZZZZZZ
ZZZZZZZZZZZZZZZZZZZZZZZZZ
NNNNNNNNNNNNNVVVVVVVVVVVV
XXXXXXXXXXXXXXXXXXXXDTTTT
XXXXXXXXXXXXXXXXXXXXDTTTT
HHHHHHHHHHHHHHHHHHHHDTTTT
HHHHHHHHHHHHHHHHHHHHDTTTT
IIIIIIIIIIIIIIIIIIIIDTTTT
LLLLLLLLLLLLLLLLLLLLDTTTT
YYYYYYYYYYYYYYYYYYYYDTTTT
YYYYYYYYYYYYYYYYYYYYDTTTT
YYYYYYYYYYYYYYYYYYYYDTTTT
UUUUUUUUUUUUUUUFFFFFDTTTT
OOOOOOOOOOOOOOOPPMMMJJJGG
KKKKKKKKKKKKKKKPPMMMAAAGG
KKKKKKKKKKKKKKKPPCCCAAAGG
BBBBBBBBBBBBBBBPPCCCAAAGG
BBBBBBBBBBBBBBBPPCCCAAAGG
SSSSSSSSSSSSSSSPPCCCWWWGG
SSSSSSSSSSSSSSSPPCCCWWWGG
SSSSSSSSSSSSSSSPPCCCWWWGG
SSSSSSSSSSSSSSSRRCCCWWWGG
SSSSSSSSSSSSSSSRRCCCQQQGG
SSSSSSSSSSSSSSSRREEEQQQGG
Case #48:
BBBB
BBBB
BBBB
AAAA
Case #49:
HHHHHHHHHHHHHHHHHHHHHHHHH
HHHHHHHHHHHHHHHHHHHHHHHHH
WWWWWWWWWWWWWWWWWWWWWWWWW
EEEEEEEEEEEEEEEEEEEEEEEEE
EEEEEEEEEEEEEEEEEEEEEEEEE
YYYYYYYYYVVVVVVVVVVVVVVVV
YYYYYYYYYJJJJJJJJJJJJJJJJ
YYYYYYYYYSSSSSSSSSSSSSSSS
MMLLLLLLLLLLLLLLLLLLLRKKK
MMLLLLLLLLLLLLLLLLLLLRXXX
MMLLLLLLLLLLLLLLLLLLLRXXX
MMTTTTTTTTTTTTTTTTTTTRXXX
MMTTTTTTTTTTTTTTTTTTTRXXX
MMGGGGGGGGGGGGGGGGGGORXXX
MMGGGGGGGGGGGGGGGGGGORXXX
MMFFFFFFFFFFFFFFFFFFORXXX
QQFFFFFFFFFFFFFFFFFFORXXX
QQIIIIIIIIIIIIIIIIIIORXXX
QQIIIIIIIIIIIIIIIIIIORXXX
QQIIIIIIIIIIIIIIIIIIORXXX
QQIIIIIIIIIIIIIIIIIIORXXX
QQCCCCCCCCCCDDDDDDDDORXXX
QQCCCCCCCCCCDDDDDDDDORXXX
QQBBBBBBZZNPPPPPPPPAORXXX
QQBBBBBBZZNUUUUUUUUAORXXX
Case #50:
RRRRRRRRRRRRRRRRRRRRRRRRR
RRRRRRRRRRRRRRRRRRRRRRRRR
RRRRRRRRRRRRRRRRRRRRRRRRR
RRRRRRRRRRRRRRRRRRRRRRRRR
RRRRRRRRRRRRRRRRRRRRRRRRR
RRRRRRRRRRRRRRRRRRRRRRRRR
RRRRRRRRRRRRRRRRRRRRRRRRR
RRRRRRRRRRRRRRRRRRRRRRRRR
RRRRRRRRRRRRRRRRRRRRRRRRR
RRRRRRRRRRRRRRRRRRRRRRRRR
RRRRRRRRRRRRRRRRRRRRRRRRR
RRRRRRRRRRRRRRRRRRRRRRRRR
VVVVVVVVVVVVVVVVVVVVVVVVV
VVVVVVVVVVVVVVVVVVVVVVVVV
XXXXXXXXXXXXXXXXXXXXXXXXX
SSSSSSSSSSSSSSSSSSSSSSSSS
AAAAKKKKKKKKKKKKKKKKKKKKK
LLLPMMMYYYYYYYYYYYYYYYYYY
LLLPJJJYYYYYYYYYYYYYYYYYY
LLLPDZFYYYYYYYYYYYYYYYYYY
LLLPDZFIIIIIIIIIIIIIIIIII
LLLPDZFIIIIIIIIIIIIIIIIII
BBBPTZFNNEEEEEEEEEEEEEEEE
UUWPCZQNNEEEEEEEEEEEEEEEE
GGWPOZQNNHHHHHHHHHHHHHHHH
Case #51:
JGBKEDDIICFLLHHMMMMAAAAAA
Case #52:
AAAAAAAAAAAAAAAAAAAAAAAAA
BBBBBBBBBBBBBBBBBBBBBBBBB
CCCCCCCCCCCCCCCCCCCCCCCCC
DDDDDDDDDDDDDDDDDDDDDDDDD
EEEEEEEEEEEEEEEEEEEEEEEEE
FFFFFFFFFFFFFFFFFFFFFFFFF
GGGGGGGGGGGGGGGGGGGGGGGGG
HHHHHHHHHHHHHHHHHHHHHHHHH
IIIIIIIIIIIIIIIIIIIIIIIII
JJJJJJJJJJJJJJJJJJJJJJJJJ
KKKKKKKKKKKKKKKKKKKKKKKKK
LLLLLLLLLLLLLLLLLLLLLLLLL
MMMMMMMMMMMMMMMMMMMMMMMMM
NNNNNNNNNNNNNNNNNNNNNNNNN
OOOOOOOOOOOOOOOOOOOOOOOOO
PPPPPPPPPPPPPPPPPPPPPPPPP
QQQQQQQQQQQQQQQQQQQQQQQQQ
RRRRRRRRRRRRRRRRRRRRRRRRR
SSSSSSSSSSSSSSSSSSSSSSSSS
TTTTTTTTTTTTTTTTTTTTTTTTT
UUUUUUUUUUUUUUUUUUUUUUUUU
VVVVVVVVVVVVVVVVVVVVVVVVV
WWWWWWWWWWWWWWWWWWWWWWWWW
XXXXXXXXXXXXXXXXXXXXXXXXX
YYYYYYYYYYYYYYYYYYYYYYYYY
Case #53:
KKKKKKKKKKKKKKKKKKKKKKKKK
KKKKKKKKKKKKKKKKKKKKKKKKK
KKKKKKKKKKKKKKKKKKKKKKKKK
KKKKKKKKKKKKKKKKKKKKKKKKK
KKKKKKKKKKKKKKKKKKKKKKKKK
KKKKKKKKKKKKKKKKKKKKKKKKK
KKKKKKKKKKKKKKKKKKKKKKKKK
KKKKKKKKKKKKKKKKKKKKKKKKK
KKKKKKKKKKKKKKKKKKKKKKKKK
KKKKKKKKKKKKKKKKKKKKKKKKK
KKKKKKKKKKKKKKKKKKKKKKKKK
KKKKKKKKKKKKKKKKKKKKKKKKK
KKKKKKKKKKKKKKKKKKKKKKKKK
GGGGGGGGGGGGGGGGGGGGGGGGG
OOOLLLLLLLLLLLLLLLLLLLLLL
OOOLLLLLLLLLLLLLLLLLLLLLL
OOOHHHHHHHWWWWWWWWWWWWWWW
QQQQQNNNNNNCCCCCCCCCCCCCC
QQQQQSSSIPFCCCCCCCCCCCCCC
AAAUUUUBIPFCCCCCCCCCCCCCC
VVXZZZZEIPFCCCCCCCCCCCCCC
VVMRRRREIPFCCCCCCCCCCCCCC
VVYYYDDEIPFCCCCCCCCCCCCCC
VVJJJTTEIPFCCCCCCCCCCCCCC
VVJJJTTEIPFCCCCCCCCCCCCCC
Case #54:
OOOOOOOOOOOOOOOOOOOOOOOOO
OOOOOOOOOOOOOOOOOOOOOOOOO
BBBBBBBBBBBBBBBBBBBBBBNNC
IIIIIRRRRRRRRRRRRRRRRRNNG
IIIIIQQQQQQQQQQQXXXXXXNNG
SSSSSSSSSSSSSHHHXXXXXXNNG
SSSSSSSSSSSSSHHHXXXXXXNNG
UUUUUUUUUUUUUHHHXXXXXXNNG
UUUUUUUUUUUUUHHHXXXXXXNNG
UUUUUUUUUUUUUHHHXXXXXXNNG
EEEEEEEEEEEEEHHHXXXXXXNNG
EEEEEEEEEEEEEHHHXXXXXXNNG
PPPPPPDDDDDDDHHHFFFFFFNNG
PPPPPPDDDDDDDJJJFFFFFFNNG
PPPPPPDDDDDDDJJJFFFFFFNNG
PPPPPPAAAAAAAJJJFFFFFFNNG
PPPPPPAAAAAAAJJJTTTTTTNNG
PPPPPPVVVVVVVJJJTTTTTTNNG
PPPPPPVVVVVVVJJJTTTTTTNNG
WWWWWWVVVVVVVJJJTTTTTTNNG
ZZZZZZVVVVVVVJJJTTTTTTNNG
ZZZZZZYYYYYYYJJJKKKKKKNNG
ZZZZZZLLLLLLLJJJKKKKKKNNG
ZZZZZZMMMMMMMJJJKKKKKKNNG
ZZZZZZMMMMMMMJJJKKKKKKNNG
Case #55:
AAAAAAAAAAAAAAAAAAAAAAAAB
AAAAAAAAAAAAAAAAAAAAAAAAB
AAAAAAAAAAAAAAAAAAAAAAAAB
AAAAAAAAAAAAAAAAAAAAAAAAB
AAAAAAAAAAAAAAAAAAAAAAAAB
AAAAAAAAAAAAAAAAAAAAAAAAB
AAAAAAAAAAAAAAAAAAAAAAAAB
AAAAAAAAAAAAAAAAAAAAAAAAB
AAAAAAAAAAAAAAAAAAAAAAAAB
AAAAAAAAAAAAAAAAAAAAAAAAB
CCCCCCCCCCCCCCCCCCCCCCCCB
CCCCCCCCCCCCCCCCCCCCCCCCD
EEEEEEEEEEEEEEEEEEEEEEEED
EEEEEEEEEEEEEEEEEEEEEEEED
EEEEEEEEEEEEEEEEEEEEEEEED
EEEEEEEEEEEEEEEEEEEEEEEED
EEEEEEEEEEEEEEEEEEEEEEEED
EEEEEEEEEEEEEEEEEEEEEEEED
EEEEEEEEEEEEEEEEEEEEEEEED
EEEEEEEEEEEEEEEEEEEEEEEED
EEEEEEEEEEEEEEEEEEEEEEEED
EEEEEEEEEEEEEEEEEEEEEEEED
EEEEEEEEEEEEEEEEEEEEEEEED
EEEEEEEEEEEEEEEEEEEEEEEED
EEEEEEEEEEEEEEEEEEEEEEEED
Case #56:
FFFFFFFFFFFFFFFFFFFFFFFFX
FFFFFFFFFFFFFFFFFFFFFFFFX
FFFFFFFFFFFFFFFFFFFFFFFFX
AAAAAAAAAAAAAAAAAAAAAAAAX
BBBBBBBBBBBBBBBBBBBBBBBTS
RRRRRRRRRRRRRRRRRRRRRVZQS
NNNNNNNNNNNNNNNNNNNCCVZQS
NNNNNNNNNNNNNNNNNNNCCVZMO
NNNNNNNNNNNNNNNNNNNYKVEMP
NNNNNNNNNNNNNNNNNNNYKWJMP
NNNNNNNNNNNNNNNNNNNYKWJUD
NNNNNNNNNNNNNNNNNNNYKWHUL
NNNNNNNNNNNNNNNNNNNYKWHGL
NNNNNNNNNNNNNNNNNNNYKWHGL
NNNNNNNNNNNNNNNNNNNYKWHGI
NNNNNNNNNNNNNNNNNNNYKWHGI
NNNNNNNNNNNNNNNNNNNYKWHGI
NNNNNNNNNNNNNNNNNNNYKWHGI
NNNNNNNNNNNNNNNNNNNYKWHGI
NNNNNNNNNNNNNNNNNNNYKWHGI
NNNNNNNNNNNNNNNNNNNYKWHGI
NNNNNNNNNNNNNNNNNNNYKWHGI
NNNNNNNNNNNNNNNNNNNYKWHGI
NNNNNNNNNNNNNNNNNNNYKWHGI
NNNNNNNNNNNNNNNNNNNYKWHGI
Case #57:
AAA
AAA
AAA
AAA
AAA
Case #58:
ABCDEFGHIJKLMNOPQRSTUVWXY
ABCDEFGHIJKLMNOPQRSTUVWXY
ABCDEFGHIJKLMNOPQRSTUVWXY
ABCDEFGHIJKLMNOPQRSTUVWXY
ABCDEFGHIJKLMNOPQRSTUVWXY
ABCDEFGHIJKLMNOPQRSTUVWXY
ABCDEFGHIJKLMNOPQRSTUVWXY
ABCDEFGHIJKLMNOPQRSTUVWXY
ABCDEFGHIJKLMNOPQRSTUVWXY
ABCDEFGHIJKLMNOPQRSTUVWXY
ABCDEFGHIJKLMNOPQRSTUVWXY
ABCDEFGHIJKLMNOPQRSTUVWXY
ABCDEFGHIJKLMNOPQRSTUVWXY
ABCDEFGHIJKLMNOPQRSTUVWXY
ABCDEFGHIJKLMNOPQRSTUVWXY
ABCDEFGHIJKLMNOPQRSTUVWXY
ABCDEFGHIJKLMNOPQRSTUVWXY
ABCDEFGHIJKLMNOPQRSTUVWXY
ABCDEFGHIJKLMNOPQRSTUVWXY
ABCDEFGHIJKLMNOPQRSTUVWXY
ABCDEFGHIJKLMNOPQRSTUVWXY
ABCDEFGHIJKLMNOPQRSTUVWXY
ABCDEFGHIJKLMNOPQRSTUVWXY
ABCDEFGHIJKLMNOPQRSTUVWXY
ABCDEFGHIJKLMNOPQRSTUVWXY
Case #59:
JJJJJJJJJJJJJJJJJJJJJJJJJ
JJJJJJJJJJJJJJJJJJJJJJJJJ
MMMMMMMMMMMMMMXXXXXXXXXXX
WWWWWWWWWWWWWWXXXXXXXXXXX
WWWWWWWWWWWWWWXXXXXXXXXXX
WWWWWWWWWWWWWWXXXXXXXXXXX
KKKKKKKKKKKKKKXXXXXXXXXXX
KKKKKKKKKKKKKKVVVVVVVVVVV
KKKKKKKKKKKKKKVVVVVVVVVVV
HHHHHHHHHHHHHHHHHHHHHHZZZ
NNNNNNNNNNNNUUUUUUUUPPZZZ
QQQQQQQQQQQQUUUUUUUUPPZZZ
QQQQQQQQQQQQUUUUUUUUPPZZZ
QQQQQQQQQQQQUUUUUUUUPPZZZ
QQQQQQQQQQQQUUUUUUUUTTZZZ
OOOOOOOOOOOOUUUUUUUUTTZZZ
OOOOOOOOOOOOUUUUUUUUTTZZZ
EEEEEEEEEEEEUUUUUUUUTTFFF
EEEEEEEEEEEEAAAARRRRTTFFF
EEEEEEEEEEEEAAAALLLLTTFFF
EEEEEEEEEEEEAAAALLLLTTFFF
EEEEEEEEEEEEBBBBBBSSTTFFF
IIIIIIIIIIIIBBBBBBYYTTFFF
GGGGGGGGGGGGGGGGCCYYTTFFF
DDDDDDDDDDDDDDDDCCYYTTFFF
Case #60:
AAAAAAAAAAAACCCCCCCCCCCCC
AAAAAAAAAAAACCCCCCCCCCCCC
AAAAAAAAAAAACCCCCCCCCCCCC
AAAAAAAAAAAACCCCCCCCCCCCC
AAAAAAAAAAAACCCCCCCCCCCCC
AAAAAAAAAAAACCCCCCCCCCCCC
AAAAAAAAAAAACCCCCCCCCCCCC
AAAAAAAAAAAAEEEEEEEEEEEEE
AAAAAAAAAAAAEEEEEEEEEEEEE
AAAAAAAAAAAAEEEEEEEEEEEEE
AAAAAAAAAAAAEEEEEEEEEEEEE
BBBBBBBBBBBBBDDDDDDDDDDDD
BBBBBBBBBBBBBDDDDDDDDDDDD
BBBBBBBBBBBBBDDDDDDDDDDDD
BBBBBBBBBBBBBDDDDDDDDDDDD
BBBBBBBBBBBBBDDDDDDDDDDDD
BBBBBBBBBBBBBDDDDDDDDDDDD
BBBBBBBBBBBBBDDDDDDDDDDDD
BBBBBBBBBBBBBDDDDDDDDDDDD
BBBBBBBBBBBBBDDDDDDDDDDDD
BBBBBBBBBBBBBDDDDDDDDDDDD
BBBBBBBBBBBBBDDDDDDDDDDDD
BBBBBBBBBBBBBDDDDDDDDDDDD
BBBBBBBBBBBBBDDDDDDDDDDDD
BBBBBBBBBBBBBDDDDDDDDDDDD
Case #61:
AAAA
AAAA
BBBB
Case #62:
GGGGGGGGGGGGGGOOOOOOOOOOO
GGGGGGGGGGGGGGOOOOOOOOOOO
GGGGGGGGGGGGGGOOOOOOOOOOO
GGGGGGGGGGGGGGOOOOOOOOOOO
GGGGGGGGGGGGGGOOOOOOOOOOO
GGGGGGGGGGGGGGOOOOOOOOOOO
GGGGGGGGGGGGGGOOOOOOOOOOO
GGGGGGGGGGGGGGOOOOOOOOOOO
GGGGGGGGGGGGGGOOOOOOOOOOO
GGGGGGGGGGGGGGOOOOOOOOOOO
GGGGGGGGGGGGGGOOOOOOOOOOO
GGGGGGGGGGGGGGMMMMMMMMMMM
GGGGGGGGGGGGGGMMMMMMMMMMM
JJJJJJJJJJJJJJFFFFFFFFFFF
LLLLLLLLLLLUYYYYYXXXXXXXX
SSSSSSSSSSPUYYYYYXXXXXXXX
QQQQQQQQQQPUHHHHHHVVVEEEE
QQQQQQQQQQPZZBBKWCDDDEEEE
QQQQQQQQQQPAABBKWCDDDEEEE
QQQQQQQQQQPNNBBKTRDDDEEEE
QQQQQQQQQQPNNBBKTRDDDEEEE
QQQQQQQQQQPNNIIKTRDDDEEEE
QQQQQQQQQQPNNIIKTRDDDEEEE
QQQQQQQQQQPNNIIKTRDDDEEEE
QQQQQQQQQQPNNIIKTRDDDEEEE
Case #63:
ZZZZZZZZZZZZZZZZZZZZZZZMM
ZZZZZZZZZZZZZZZZZZZZZZZMM
ZZZZZZZZZZZZZZZZZZZZZZZMM
QQQQQQQQQQQQQQQQQQQQQQQMM
DDDDDDDDDDDDDDDDDDDDDUUMM
DDDDDDDDDDDDDDDDDDDDDUUMM
KKKKKKKKKKKKKKKKKKKKKUUMM
KKKKKKKKKKKKKKKKKKKKKUUMM
HHHHHHHHHHHHHHHHHHHHHUUMM
GGGGGGGGGGGGGGGGGGGGGUUMM
RRRRRRRRRRRRRRRRRRROOUUMM
RRRRRRRRRRRRRRRRRRROOUUMM
PPPPPPPPPPTTJJJJJJJJXUUMM
PPPPPPPPPPTTJJJJJJJJXUUMM
SSSSSSSSSSCCJJJJJJJJVUUMM
SSSSSSSSSSCCNNNNNNNNVUUMM
IIIIIIIIIICCNNNNNNNNVUUMM
IIIIIIIIIIBBNNNNNNNNVUUMM
IIIIIIIIIIAANNNNNNNNVEEMM
YYYYYYYYYYAANNNNNNNNVEEMM
YYYYYYYYYYAANNNNNNNNVEEMM
YYYYYYYYYYAALLLLLLLLVEEMM
FFFFFFFFFFAALLLLLLLLVEEMM
FFFFFFFFFFAALLLLLLLLVEEMM
FFFFFFFFFFAAWWWWWWWWVEEMM
Case #64:
HHHHHHHHHHHHHHHHHHHHHHHHH
IIIIIIIIIIIIIIIIIIIIIIAAA
EEEEEEEEEEEEEEEEEEEEEEAAA
EEEEEEEEEEEEEEEEEEEEEEBBB
EEEEEEEEEEEEEEEEEEEEEEBBB
KKKKKKKKKKTTTTTTTTTTTTBBB
MMMMMMMMMMTTTTTTTTTTTTBBB
MMMMMMMMMMTTTTTTTTTTTTBBB
MMMMMMMMMMTTTTTTTTTTTTDDD
ZZZZZZZZZZZZZZZZZZZZVVDDD
WWWWWWWWWWWWWWWWWFFFVVDDD
WWWWWWWWWWWWWWWWWFFFVVDDD
WWWWWWWWWWWWWWWWWFFFVVDDD
YYYYYYYYYYYYYYPPPFFFVVDDD
GGGGGNNLLLLLLLPPPFFFQQDDD
GGGGGNNLLLLLLLPPPFFFQQDDD
GGGGGNNLLLLLLLPPPFFFQQDDD
GGGGGNNLLLLLLLCCCFFFQQXXX
GGGGGNNLLLLLLLCCCFFFQQXXX
GGGGGNNOOOOOOOCCCFFFQQXXX
GGGGGNNOOOOOOOCCCFFFQQXXX
GGGGGNNOOOOOOOCCCFFFSSXXX
GGGGGNNOOOOOOOCCCFFFSSXXX
GGGGGNNOOOOOOOCCCFFFSSRRR
GGGGGNNUUUUUUUCCCJJJSSRRR
Case #65:
AAAAAAAAAAAAAAAAAAAAAAAAA
BBBBBBBBBBBBBBBBBBBBBBBBB
CCCCCCCCCCCCCCCCCCCCCCCCC
DDDDDDDDDDDDDDDDDDDDDDDDD
EEEEEEEEEEEEEEEEEEEEEEEEE
FFFFFFFFFFFFFFFFFFFFFFFFF
GGGGGGGGGGGGGGGGGGGGGGGGG
HHHHHHHHHHHHHHHHHHHHHHHHH
IIIIIIIIIIIIIIIIIIIIIIIII
JJJJJJJJJJJJJJJJJJJJJJJJJ
KKKKKKKKKKKKKKKKKKKKKKKKK
LLLLLLLLLLLLLLLLLLLLLLLLL
MMMMMMMMMMMMMMMMMMMMMMMMM
NNNNNNNNNNNNNNNNNNNNNNNNN
OOOOOOOOOOOOOOOOOOOOOOOOO
PPPPPPPPPPPPPPPPPPPPPPPPP
QQQQQQQQQQQQQQQQQQQQQQQQQ
RRRRRRRRRRRRRRRRRRRRRRRRR
SSSSSSSSSSSSSSSSSSSSSSSSS
TTTTTTTTTTTTTTTTTTTTTTTTT
UUUUUUUUUUUUUUUUUUUUUUUUU
VVVVVVVVVVVVVVVVVVVVVVVVV
WWWWWWWWWWWWWWWWWWWWWWWWW
XXXXXXXXXXXXXXXXXXXXXXXXX
YYYYYYYYYYYYYYYYYYYYYYYYY
Case #66:
AAAAAAAAAAAAAAAAAAAAAALLL
QQQQQQQQQQQQQQQQQQQQQQKKK
VVVVVVVVVVVVVVVVVVVVVSSSN
MMMMMMMMMMMMMMMMMMMMBZZZN
IIIIIIIIIIIIIIIIIIIIBZZZN
HHHHHHHHHHHHHHHHHFFFBZZZN
HHHHHHHHHHHHHHHHHFFFYZZZO
HHHHHHHHHHHHHHHHHEEEYTTTJ
HHHHHHHHHHHHHHHHHXXXYDDDJ
HHHHHHHHHHHHHHHHHXXXYUUUJ
HHHHHHHHHHHHHHHHHXXXYPPPJ
HHHHHHHHHHHHHHHHHXXXYPPPJ
HHHHHHHHHHHHHHHHHXXXYRRWJ
HHHHHHHHHHHHHHHHHXXXYGGCJ
HHHHHHHHHHHHHHHHHXXXYGGCJ
HHHHHHHHHHHHHHHHHXXXYGGCJ
HHHHHHHHHHHHHHHHHXXXYGGCJ
HHHHHHHHHHHHHHHHHXXXYGGCJ
HHHHHHHHHHHHHHHHHXXXYGGCJ
HHHHHHHHHHHHHHHHHXXXYGGCJ
HHHHHHHHHHHHHHHHHXXXYGGCJ
HHHHHHHHHHHHHHHHHXXXYGGCJ
HHHHHHHHHHHHHHHHHXXXYGGCJ
HHHHHHHHHHHHHHHHHXXXYGGCJ
HHHHHHHHHHHHHHHHHXXXYGGCJ
Case #67:
ABCDEFGHIJKLMNOPQRSTUVWXY
ABCDEFGHIJKLMNOPQRSTUVWXY
ABCDEFGHIJKLMNOPQRSTUVWXY
ABCDEFGHIJKLMNOPQRSTUVWXY
ABCDEFGHIJKLMNOPQRSTUVWXY
ABCDEFGHIJKLMNOPQRSTUVWXY
ABCDEFGHIJKLMNOPQRSTUVWXY
ABCDEFGHIJKLMNOPQRSTUVWXY
ABCDEFGHIJKLMNOPQRSTUVWXY
ABCDEFGHIJKLMNOPQRSTUVWXY
ABCDEFGHIJKLMNOPQRSTUVWXY
ABCDEFGHIJKLMNOPQRSTUVWXY
ABCDEFGHIJKLMNOPQRSTUVWXY
ABCDEFGHIJKLMNOPQRSTUVWXY
ABCDEFGHIJKLMNOPQRSTUVWXY
ABCDEFGHIJKLMNOPQRSTUVWXY
ABCDEFGHIJKLMNOPQRSTUVWXY
ABCDEFGHIJKLMNOPQRSTUVWXY
ABCDEFGHIJKLMNOPQRSTUVWXY
ABCDEFGHIJKLMNOPQRSTUVWXY
ABCDEFGHIJKLMNOPQRSTUVWXY
ABCDEFGHIJKLMNOPQRSTUVWXY
ABCDEFGHIJKLMNOPQRSTUVWXY
ABCDEFGHIJKLMNOPQRSTUVWXY
ABCDEFGHIJKLMNOPQRSTUVWXY
Case #68:
EEEEEEEEEEEEEEEEEEEEEEEEE
EEEEEEEEEEEEEEEEEEEEEEEEE
EEEEEEEEEEEEEEEEEEEEEEEEE
EEEEEEEEEEEEEEEEEEEEEEEEE
EEEEEEEEEEEEEEEEEEEEEEEEE
EEEEEEEEEEEEEEEEEEEEEEEEE
EEEEEEEEEEEEEEEEEEEEEEEEE
EEEEEEEEEEEEEEEEEEEEEEEEE
EEEEEEEEEEEEEEEEEEEEEEEEE
EEEEEEEEEEEEEEEEEEEEEEEEE
EEEEEEEEEEEEEEEEEEEEEEEEE
EEEEEEEEEEEEEEEEEEEEEEEEE
EEEEEEEEEEEEEEEEEEEEEEEEE
EEEEEEEEEEEEEEEEEEEEEEEEE
EEEEEEEEEEEEEEEEEEEEEEEEE
EEEEEEEEEEEEEEEEEEEEEEEEE
EEEEEEEEEEEEEEEEEEEEEEEEE
VVVVVVVVVVIIIIIIIIIIIIIII
MMMMMMMMMXXXHHHHHHHHHHHHH
BBBBBBWSSXXXKKKKKKKKKKKKK
NNNNNNQZFFFCCRYYYYYYYYYYY
UUUUUUQJGLACCRYYYYYYYYYYY
UUUUUUQOGLAPPRYYYYYYYYYYY
UUUUUUQOGLDPPRYYYYYYYYYYY
UUUUUUQOGTDPPRYYYYYYYYYYY
Case #69:
IIIIIIIIIIIIIIIIIIIIIIIII
IIIIIIIIIIIIIIIIIIIIIIIII
IIIIIIIIIIIIIIIIIIIIIIIII
DDDDDDDDDDDDDDDDDDDDDDDDD
OOOOOOOOOOOOOOOOOOOOOOOOO
NNNNNNNNNNNNNNNNNNNNNLLLL
GGGGGGGGGGGGGTTTTTTTTLLLL
HHHHHHHHHHHHHHHHCCCCCLLLL
HHHHHHHHHHHHHHHHCCCCCLLLL
HHHHHHHHHHHHHHHHCCCCCJJUU
HHHHHHHHHHHHHHHHCCCCCJJUU
RRRRRRRRRRRRRRRRCCCCCJJUU
WWWWWWWWWWEEEEEECCCCCQQUU
WWWWWWWWWWEEEEEECCCCCQQUU
WWWWWWWWWWEEEEEECCCCCQQUU
FFFFFFFFFFEEEEEECCCCCQQSS
FFFFFFFFFFEEEEEECCCCCQQVV
FFFFFFFFFFEEEEEECCCCCQQVV
FFFFFFFFFFEEEEEECCCCCQQVV
FFFFFFFFFFEEEEEECCCCCQQVV
KKKKKKKKKKEEEEEEPPPPPPXVV
KKKKKKKKKKYYYYYYPPPPPPZVV
KKKKKKKKKKYYYYYYBBBBBBZVV
KKKKKKKKKKYYYYYYBBBBBBZMM
KKKKKKKKKKYYYYYYBBBBBBAMM
Case #70:
ABCDEFGHIJKLMNOPQRSTUVWXY
ABCDEFGHIJKLMNOPQRSTUVWXY
ABCDEFGHIJKLMNOPQRSTUVWXY
ABCDEFGHIJKLMNOPQRSTUVWXY
ABCDEFGHIJKLMNOPQRSTUVWXY
ABCDEFGHIJKLMNOPQRSTUVWXY
ABCDEFGHIJKLMNOPQRSTUVWXY
ABCDEFGHIJKLMNOPQRSTUVWXY
ABCDEFGHIJKLMNOPQRSTUVWXY
ABCDEFGHIJKLMNOPQRSTUVWXY
ABCDEFGHIJKLMNOPQRSTUVWXY
ABCDEFGHIJKLMNOPQRSTUVWXY
ABCDEFGHIJKLMNOPQRSTUVWXY
ABCDEFGHIJKLMNOPQRSTUVWXY
ABCDEFGHIJKLMNOPQRSTUVWXY
ABCDEFGHIJKLMNOPQRSTUVWXY
ABCDEFGHIJKLMNOPQRSTUVWXY
ABCDEFGHIJKLMNOPQRSTUVWXY
ABCDEFGHIJKLMNOPQRSTUVWXY
ABCDEFGHIJKLMNOPQRSTUVWXY
ABCDEFGHIJKLMNOPQRSTUVWXY
ABCDEFGHIJKLMNOPQRSTUVWXY
ABCDEFGHIJKLMNOPQRSTUVWXY
ABCDEFGHIJKLMNOPQRSTUVWXY
ABCDEFGHIJKLMNOPQRSTUVWXY
Case #71:
AAAAAAAAAAAAAAAAAAAAAAAAA
BBBBBBBBBBBBBBBBBBBBBBBBB
CCCCCCCCCCCCCCCCCCCCCCCCC
DDDDDDDDDDDDDDDDDDDDDDDDD
EEEEEEEEEEEEEEEEEEEEEEEEE
FFFFFFFFFFFFFFFFFFFFFFFFF
GGGGGGGGGGGGGGGGGGGGGGGGG
HHHHHHHHHHHHHHHHHHHHHHHHH
IIIIIIIIIIIIIIIIIIIIIIIII
JJJJJJJJJJJJJJJJJJJJJJJJJ
KKKKKKKKKKKKKKKKKKKKKKKKK
LLLLLLLLLLLLLLLLLLLLLLLLL
MMMMMMMMMMMMMMMMMMMMMMMMM
NNNNNNNNNNNNNNNNNNNNNNNNN
OOOOOOOOOOOOOOOOOOOOOOOOO
PPPPPPPPPPPPPPPPPPPPPPPPP
QQQQQQQQQQQQQQQQQQQQQQQQQ
RRRRRRRRRRRRRRRRRRRRRRRRR
SSSSSSSSSSSSSSSSSSSSSSSSS
TTTTTTTTTTTTTTTTTTTTTTTTT
UUUUUUUUUUUUUUUUUUUUUUUUU
VVVVVVVVVVVVVVVVVVVVVVVVV
WWWWWWWWWWWWWWWWWWWWWWWWW
XXXXXXXXXXXXXXXXXXXXXXXXX
YYYYYYYYYYYYYYYYYYYYYYYYY
Case #72:
GGGGGGGGGGGGGGGGGGGGGGXXX
GGGGGGGGGGGGGGGGGGGGGGXXX
GGGGGGGGGGGGGGGGGGGGGGXXX
GGGGGGGGGGGGGGGGGGGGGGXXX
GGGGGGGGGGGGGGGGGGGGGGXXX
WWWWWWWWJJJJJJJJJJJJJJXXX
WWWWWWWWJJJJJJJJJJJJJJXXX
WWWWWWWWIIIIIIIIIIIIIIXXX
EEEEEEEEIIIIIIIIIIIIIITTT
EEEEEEEEIIIIIIIIIIIIIILLL
YYYYYYYYYYYYYYYYBBBBBBLLL
YYYYYYYYYYYYYYYYBBBBBBKKK
CCCCCCCCCCCCCCCCBBBBBBKKK
CCCCCCCCCCCCCCCCBBBBBBKKK
PPPPPPPPPPPPPPPPBBBBBBKKK
QQQQQQQQQQQQQQQQQQQQMMMMN
AAAAAAAAAAAAAAAAAAAAMMMMN
AAAAAAAAAAAAAAAAAAAAMMMMN
RRRRRRRRRRRRRRRRRRRRMMMMN
RRRRRRRRRRRRRRRRRRRRMMMMN
HHHHHHHHHHHHHHHHHHHHMMMMN
DDDDDDDDDDDDDDDDDDDDMMMMN
DDDDDDDDDDDDDDDDDDDDOOOVN
DDDDDDDDDDDDDDDDDDDDUUUSN
ZZZZZZZZZZFFFFFFFFFFUUUSN
Case #73:
AAA
AAA
AAA
AAA
Case #74:
A
A
Case #75:
A
B
Case #76:
GGA
CCE
BDF
Case #77:
F
F
D
D
D
M
M
H
C
G
E
E
B
B
B
B
K
I
I
A
A
J
J
L
L
Case #78:
AAACCCCCCCCCCCCCCCCCCCCCC
AAACCCCCCCCCCCCCCCCCCCCCC
AAACCCCCCCCCCCCCCCCCCCCCC
AAACCCCCCCCCCCCCCCCCCCCCC
AAACCCCCCCCCCCCCCCCCCCCCC
AAACCCCCCCCCCCCCCCCCCCCCC
AAACCCCCCCCCCCCCCCCCCCCCC
AAACCCCCCCCCCCCCCCCCCCCCC
AAACCCCCCCCCCCCCCCCCCCCCC
AAACCCCCCCCCCCCCCCCCCCCCC
AAACCCCCCCCCCCCCCCCCCCCCC
AAACCCCCCCCCCCCCCCCCCCCCC
AAACCCCCCCCCCCCCCCCCCCCCC
AAACCCCCCCCCCCCCCCCCCCCCC
AAACCCCCCCCCCCCCCCCCCCCCC
AAACCCCCCCCCCCCCCCCCCCCCC
AAACCCCCCCCCCCCCCCCCCCCCC
AAACCCCCCCCCCCCCCCCCCCCCC
AAACCCCCCCCCCCCCCCCCCCCCC
AAAEEEEEEEEEEEEEEEEEEEEEE
AAAEEEEEEEEEEEEEEEEEEEEEE
AAAEEEEEEEEEEEEEEEEEEEEEE
AAAEEEEEEEEEEEEEEEEEEEEEE
BBBBDDDDDDDDDDDDDDDDDDDDD
BBBBDDDDDDDDDDDDDDDDDDDDD
Case #79:
ABCDEFGHIJKLMNOPQRSTUVWXY
ABCDEFGHIJKLMNOPQRSTUVWXY
ABCDEFGHIJKLMNOPQRSTUVWXY
ABCDEFGHIJKLMNOPQRSTUVWXY
ABCDEFGHIJKLMNOPQRSTUVWXY
ABCDEFGHIJKLMNOPQRSTUVWXY
ABCDEFGHIJKLMNOPQRSTUVWXY
ABCDEFGHIJKLMNOPQRSTUVWXY
ABCDEFGHIJKLMNOPQRSTUVWXY
ABCDEFGHIJKLMNOPQRSTUVWXY
ABCDEFGHIJKLMNOPQRSTUVWXY
ABCDEFGHIJKLMNOPQRSTUVWXY
ABCDEFGHIJKLMNOPQRSTUVWXY
ABCDEFGHIJKLMNOPQRSTUVWXY
ABCDEFGHIJKLMNOPQRSTUVWXY
ABCDEFGHIJKLMNOPQRSTUVWXY
ABCDEFGHIJKLMNOPQRSTUVWXY
ABCDEFGHIJKLMNOPQRSTUVWXY
ABCDEFGHIJKLMNOPQRSTUVWXY
ABCDEFGHIJKLMNOPQRSTUVWXY
ABCDEFGHIJKLMNOPQRSTUVWXY
ABCDEFGHIJKLMNOPQRSTUVWXY
ABCDEFGHIJKLMNOPQRSTUVWXY
ABCDEFGHIJKLMNOPQRSTUVWXY
ABCDEFGHIJKLMNOPQRSTUVWXY
Case #80:
AAAAAAAAAAAAAAAAAAAAAAAAA
BBBBBBBBBBBBBBBBBBBBBBBBB
CCCCCCCCCCCCCCCCCCCCCCCCC
DDDDDDDDDDDDDDDDDDDDDDDDD
EEEEEEEEEEEEEEEEEEEEEEEEE
FFFFFFFFFFFFFFFFFFFFFFFFF
GGGGGGGGGGGGGGGGGGGGGGGGG
HHHHHHHHHHHHHHHHHHHHHHHHH
IIIIIIIIIIIIIIIIIIIIIIIII
JJJJJJJJJJJJJJJJJJJJJJJJJ
KKKKKKKKKKKKKKKKKKKKKKKKK
LLLLLLLLLLLLLLLLLLLLLLLLL
MMMMMMMMMMMMMMMMMMMMMMMMM
NNNNNNNNNNNNNNNNNNNNNNNNN
OOOOOOOOOOOOOOOOOOOOOOOOO
PPPPPPPPPPPPPPPPPPPPPPPPP
QQQQQQQQQQQQQQQQQQQQQQQQQ
RRRRRRRRRRRRRRRRRRRRRRRRR
SSSSSSSSSSSSSSSSSSSSSSSSS
TTTTTTTTTTTTTTTTTTTTTTTTT
UUUUUUUUUUUUUUUUUUUUUUUUU
VVVVVVVVVVVVVVVVVVVVVVVVV
WWWWWWWWWWWWWWWWWWWWWWWWW
XXXXXXXXXXXXXXXXXXXXXXXXX
YYYYYYYYYYYYYYYYYYYYYYYYY
Case #81:
AAAAAAAAACCCCCCCCCCCCCCCC
AAAAAAAAACCCCCCCCCCCCCCCC
AAAAAAAAACCCCCCCCCCCCCCCC
AAAAAAAAACCCCCCCCCCCCCCCC
AAAAAAAAAEEEEEEEEEEEEEEEE
AAAAAAAAAEEEEEEEEEEEEEEEE
AAAAAAAAAEEEEEEEEEEEEEEEE
AAAAAAAAAEEEEEEEEEEEEEEEE
BBBBBBBBBBDDDDDDDDDDDDDDD
BBBBBBBBBBDDDDDDDDDDDDDDD
BBBBBBBBBBDDDDDDDDDDDDDDD
BBBBBBBBBBDDDDDDDDDDDDDDD
BBBBBBBBBBDDDDDDDDDDDDDDD
BBBBBBBBBBFFFFFFFFFFGGGGG
BBBBBBBBBBHHHHHHHHHHGGGGG
BBBBBBBBBBHHHHHHHHHHIIIII
BBBBBBBBBBJJJJJJJJJJIIIII
BBBBBBBBBBJJJJJJJJJJIIIII
BBBBBBBBBBJJJJJJJJJJIIIII
BBBBBBBBBBJJJJJJJJJJIIIII
BBBBBBBBBBJJJJJJJJJJIIIII
BBBBBBBBBBJJJJJJJJJJIIIII
BBBBBBBBBBJJJJJJJJJJIIIII
BBBBBBBBBBJJJJJJJJJJIIIII
BBBBBBBBBBJJJJJJJJJJIIIII
Case #82:
VVVVVVVVVVVVVVVVVVVVVVVVV
ZZZZZZZZWWWWWWWWWWWWWWWWW
ZZZZZZZZGGGGGGGGGGGGGGGGG
ZZZZZZZZDDDDDDDDDDDDDDDDD
ZZZZZZZZMMMMMMMMMMMMMMMMM
QQQQQQQQMMMMMMMMMMMMMMMMM
QQQQQQQQFFFFFFFFFFFFFFFFF
PPKKKKEEEEEEEEEEEEEEEEEEI
PPKKKKTTTTTTTTTTTTTTTTTTI
PPKKKKTTTTTTTTTTTTTTTTTTI
PPKKKKRRRRRRRRRRRRRRRRRRI
PPKKKKRRRRRRRRRRRRRRRRRRI
PPKKKKHHHHHHHHHHHHHHHHHHI
PPKKKKHHHHHHHHHHHHHHHHHHI
PPKKKKHHHHHHHHHHHHHHHHHHI
PPKKKKHHHHHHHHHHHHHHHHHHI
PPYYYYHHHHHHHHHHHHHHHHHHI
PPYYYYSSSSSSSSSSCCCCCCCCI
PPYYYYSSSSSSSSSSAAAAAAAAI
PPYYYYUUUUUUUUUUAAAAAAAAI
JJYYYYUUUUUUUUUUNNNNNNNNX
JJYYYYBBBBBBBBBBBBBOOOOOX
JJYYYYBBBBBBBBBBBBBOOOOOX
JJLLLLBBBBBBBBBBBBBOOOOOX
JJLLLLBBBBBBBBBBBBBOOOOOX
Case #83:
AAAAAACCCCCCCCCCCCCCCCCCC
AAAAAACCCCCCCCCCCCCCCCCCC
AAAAAACCCCCCCCCCCCCCCCCCC
AAAAAACCCCCCCCCCCCCCCCCCC
AAAAAACCCCCCCCCCCCCCCCCCC
AAAAAACCCCCCCCCCCCCCCCCCC
AAAAAACCCCCCCCCCCCCCCCCCC
AAAAAAEEEEEEEEEEEEEEEEEEE
AAAAAAEEEEEEEEEEEEEEEEEEE
AAAAAAEEEEEEEEEEEEEEEEEEE
AAAAAAEEEEEEEEEEEEEEEEEEE
BBBBBBBDDDDDDDDDDDDDDDDDD
BBBBBBBDDDDDDDDDDDDDDDDDD
BBBBBBBDDDDDDDDDDDDDDDDDD
BBBBBBBDDDDDDDDDDDDDDDDDD
BBBBBBBDDDDDDDDDDDDDDDDDD
BBBBBBBDDDDDDDDDDDDDDDDDD
BBBBBBBDDDDDDDDDDDDDDDDDD
BBBBBBBDDDDDDDDDDDDDDDDDD
BBBBBBBFFFFFFFFFFFFFGGGGG
BBBBBBBHHHHHHHHHHHHHGGGGG
BBBBBBBHHHHHHHHHHHHHIIIII
BBBBBBBJJJJJJJJJJJJJIIIII
BBBBBBBJJJJJJJJJJJJJIIIII
BBBBBBBJJJJJJJJJJJJJIIIII
Case #84:
AAAAAAABBBBBBBBBBBBBBBBBB
AAAAAAABBBBBBBBBBBBBBBBBB
AAAAAAABBBBBBBBBBBBBBBBBB
AAAAAAABBBBBBBBBBBBBBBBBB
AAAAAAABBBBBBBBBBBBBBBBBB
CCCCCCCBBBBBBBBBBBBBBBBBB
CCCCCCCDDDDDDDDDDDDDDDDDD
EEEEEEEDDDDDDDDDDDDDDDDDD
EEEEEEEDDDDDDDDDDDDDDDDDD
EEEEEEEDDDDDDDDDDDDDDDDDD
EEEEEEEDDDDDDDDDDDDDDDDDD
EEEEEEEDDDDDDDDDDDDDDDDDD
EEEEEEEDDDDDDDDDDDDDDDDDD
EEEEEEEDDDDDDDDDDDDDDDDDD
EEEEEEEFFFFFFFFFFFFFFHHHH
EEEEEEEFFFFFFFFFFFFFFJJJJ
EEEEEEEFFFFFFFFFFFFFFJJJJ
EEEEEEEFFFFFFFFFFFFFFJJJJ
EEEEEEEFFFFFFFFFFFFFFJJJJ
EEEEEEEGGGGGGGGGGGGGGGIII
EEEEEEEGGGGGGGGGGGGGGGIII
EEEEEEEGGGGGGGGGGGGGGGIII
EEEEEEEGGGGGGGGGGGGGGGIII
EEEEEEEGGGGGGGGGGGGGGGIII
EEEEEEEGGGGGGGGGGGGGGGIII
Case #85:
AAAAAAACCCCCCCCCCCCCCCCCC
AAAAAAACCCCCCCCCCCCCCCCCC
AAAAAAACCCCCCCCCCCCCCCCCC
AAAAAAACCCCCCCCCCCCCCCCCC
AAAAAAACCCCCCCCCCCCCCCCCC
AAAAAAACCCCCCCCCCCCCCCCCC
AAAAAAACCCCCCCCCCCCCCCCCC
AAAAAAACCCCCCCCCCCCCCCCCC
AAAAAAACCCCCCCCCCCCCCCCCC
AAAAAAACCCCCCCCCCCCCCCCCC
AAAAAAACCCCCCCCCCCCCCCCCC
AAAAAAACCCCCCCCCCCCCCCCCC
AAAAAAAEEEEEEEEEEEEEEEEEE
AAAAAAAEEEEEEEEEEEEEEEEEE
AAAAAAAEEEEEEEEEEEEEEEEEE
AAAAAAAEEEEEEEEEEEEEEEEEE
BBBBBBBBDDDDDDDDDDDDDDDDD
BBBBBBBBDDDDDDDDDDDDDDDDD
BBBBBBBBDDDDDDDDDDDDDDDDD
BBBBBBBBDDDDDDDDDDDDDDDDD
BBBBBBBBDDDDDDDDDDDDDDDDD
BBBBBBBBDDDDDDDDDDDDDDDDD
BBBBBBBBDDDDDDDDDDDDDDDDD
BBBBBBBBDDDDDDDDDDDDDDDDD
BBBBBBBBDDDDDDDDDDDDDDDDD
Case #86:
ABCDEFGHIJKLMNOPQRSTUVWXY
ABCDEFGHIJKLMNOPQRSTUVWXY
ABCDEFGHIJKLMNOPQRSTUVWXY
ABCDEFGHIJKLMNOPQRSTUVWXY
ABCDEFGHIJKLMNOPQRSTUVWXY
ABCDEFGHIJKLMNOPQRSTUVWXY
ABCDEFGHIJKLMNOPQRSTUVWXY
ABCDEFGHIJKLMNOPQRSTUVWXY
ABCDEFGHIJKLMNOPQRSTUVWXY
ABCDEFGHIJKLMNOPQRSTUVWXY
ABCDEFGHIJKLMNOPQRSTUVWXY
ABCDEFGHIJKLMNOPQRSTUVWXY
ABCDEFGHIJKLMNOPQRSTUVWXY
ABCDEFGHIJKLMNOPQRSTUVWXY
ABCDEFGHIJKLMNOPQRSTUVWXY
ABCDEFGHIJKLMNOPQRSTUVWXY
ABCDEFGHIJKLMNOPQRSTUVWXY
ABCDEFGHIJKLMNOPQRSTUVWXY
ABCDEFGHIJKLMNOPQRSTUVWXY
ABCDEFGHIJKLMNOPQRSTUVWXY
ABCDEFGHIJKLMNOPQRSTUVWXY
ABCDEFGHIJKLMNOPQRSTUVWXY
ABCDEFGHIJKLMNOPQRSTUVWXY
ABCDEFGHIJKLMNOPQRSTUVWXY
ABCDEFGHIJKLMNOPQRSTUVWXY
Case #87:
BC
DA
Case #88:
AA
Case #89:
TTTTTTTTTTTTTTTTTTTTTTTTT
TTTTTTTTTTTTTTTTTTTTTTTTT
TTTTTTTTTTTTTTTTTTTTTTTTT
TTTTTTTTTTTTTTTTTTTTTTTTT
TTTTTTTTTTTTTTTTTTTTTTTTT
TTTTTTTTTTTTTTTTTTTTTTTTT
TTTTTTTTTTTTTTTTTTTTTTTTT
TTTTTTTTTTTTTTTTTTTTTTTTT
TTTTTTTTTTTTTTTTTTTTTTTTT
TTTTTTTTTTTTTTTTTTTTTTTTT
TTTTTTTTTTTTTTTTTTTTTTTTT
TTTTTTTTTTTTTTTTTTTTTTTTT
TTTTTTTTTTTTTTTTTTTTTTTTT
TTTTTTTTTTTTTTTTTTTTTTTTT
TTTTTTTTTTTTTTTTTTTTTTTTT
TTTTTTTTTTTTTTTTTTTTTTTTT
OOOOOOOOOOOOOOOOOOOOOOOOO
GGGGGGGGGGGFCCCCCCCCCCCCC
ZZZZZZZZZZZFUUUUUUUUUUUUU
KKKKKKKKKKKHHHJJEEEEEEEEE
WWWWWWBBBBBAAAAREEEEEEEEE
YYYYYYBBBBBAAAAREEEEEEEEE
IIIIISSVVVVAAAAREEEEEEEEE
IIIIILLLMQQAAAARXXXXXXXXX
PPPPPLLLDNNAAAARXXXXXXXXX
Case #90:
ZZZZZZZZZZZZZZZZZZZZZZZZZ
KKKKKKKKKKKKKKKKKKKKKKKKK
DDDDDDDDDDDDDDDDDDDDDDDDD
DDDDDDDDDDDDDDDDDDDDDDDDD
JJJJJJJJJJJJJJJJJJJJJJJJJ
NNNNNNNNNNNNNRRRRRRRRPPPP
NNNNNNNNNNNNNRRRRRRRRPPPP
NNNNNNNNNNNNNRRRRRRRRPPPP
NNNNNNNNNNNNNRRRRRRRRMMMM
NNNNNNNNNNNNNRRRRRRRRFFFF
NNNNNNNNNNNNNOOOOOOLLFFFF
CCCCCCCCCCCCCOOOOOOLLFFFF
CCCCCCCCCCCCCWWWWWWLLHHHH
CCCCCCCCCCCCCWWWWWWLLHHHH
CCCCCCCCCCCCCWWWWWWLLHHHH
CCCCCCCCCCCCCWWWWWWLLSSSS
BBBBBBBBBBBBBWWWWWWTTSSSS
EEEEEEEEEEEEEWWWWWWTTSSSS
EEEEEEEEEEEEEYYYYYATTSSSS
IIIIIUUUUUUVVYYYYYAQQSSSS
IIIIIUUUUUUVVYYYYYAQQSSSS
GGGGGUUUUUUVVYYYYYAQQSSSS
XXXXXUUUUUUVVYYYYYAQQSSSS
XXXXXUUUUUUVVYYYYYAQQSSSS
XXXXXUUUUUUVVYYYYYAQQSSSS
Case #91:
CCCJH
BAKFG
DAIEG
Case #92:
AABBCCDDEEFFGGHHIIJJKKLLM
NNNOOPPQQRRSSTTUUVVWWXXYM
ZZZOOPPQQRRSSTTUUVVWWXXYM
ZZZOOPPQQRRSSTTUUVVWWXXYM
ZZZOOPPQQRRSSTTUUVVWWXXYM
ZZZOOPPQQRRSSTTUUVVWWXXYM
ZZZOOPPQQRRSSTTUUVVWWXXYM
ZZZOOPPQQRRSSTTUUVVWWXXYM
ZZZOOPPQQRRSSTTUUVVWWXXYM
ZZZOOPPQQRRSSTTUUVVWWXXYM
ZZZOOPPQQRRSSTTUUVVWWXXYM
ZZZOOPPQQRRSSTTUUVVWWXXYM
ZZZOOPPQQRRSSTTUUVVWWXXYM
ZZZOOPPQQRRSSTTUUVVWWXXYM
ZZZOOPPQQRRSSTTUUVVWWXXYM
ZZZOOPPQQRRSSTTUUVVWWXXYM
ZZZOOPPQQRRSSTTUUVVWWXXYM
ZZZOOPPQQRRSSTTUUVVWWXXYM
ZZZOOPPQQRRSSTTUUVVWWXXYM
ZZZOOPPQQRRSSTTUUVVWWXXYM
ZZZOOPPQQRRSSTTUUVVWWXXYM
ZZZOOPPQQRRSSTTUUVVWWXXYM
ZZZOOPPQQRRSSTTUUVVWWXXYM
ZZZOOPPQQRRSSTTUUVVWWXXYM
ZZZOOPPQQRRSSTTUUVVWWXXYM
Case #93:
ZZZZZZZZZZZZZZZZZZZZNNXXX
ZZZZZZZZZZZZZZZZZZZZNNXXX
ZZZZZZZZZZZZZZZZZZZZNNXXX
ZZZZZZZZZZZZZZZZZZZZNNXXX
ZZZZZZZZZZZZZZZZZZZZNNXXX
ZZZZZZZZZZZZZZZZZZZZNNXXX
ZZZZZZZZZZZZZZZZZZZZNNXXX
ZZZZZZZZZZZZZZZZZZZZNNXXX
ZZZZZZZZZZZZZZZZZZZZSFXXX
VVVVVVVVVVVVVVVVVVVVSFXXX
VVVVVVVVVVVVVVVVVVVVSFKKK
RRRRRRRRRRRRRRRRRRRRSFKKK
RRRRRRRRRRRRRRRRRRRRSBKKK
LLLLLLLLLLLLLQQQQQQQSBKKK
LLLLLLLLLLLLLWWWWWWWSBOOO
LLLLLLLLLLLLLDDDDYYESMMMT
LLLLLLLLLLLLLDDDDYYESGGGT
LLLLLLLLLLLLLIIIIYYEHGGGC
LLLLLLLLLLLLLIIIIYYEHAAAC
LLLLLLLLLLLLLIIIIUUJHAAAC
LLLLLLLLLLLLLIIIIUUJHPPPC
LLLLLLLLLLLLLIIIIUUJHPPPC
LLLLLLLLLLLLLIIIIUUJHPPPC
LLLLLLLLLLLLLIIIIUUJHPPPC
LLLLLLLLLLLLLIIIIUUJHPPPC
Case #94:
AAAAAAAAAAAAAAAAAACCCCCCC
AAAAAAAAAAAAAAAAAACCCCCCC
AAAAAAAAAAAAAAAAAACCCCCCC
AAAAAAAAAAAAAAAAAACCCCCCC
AAAAAAAAAAAAAAAAAACCCCCCC
AAAAAAAAAAAAAAAAAACCCCCCC
AAAAAAAAAAAAAAAAAACCCCCCC
AAAAAAAAAAAAAAAAAACCCCCCC
AAAAAAAAAAAAAAAAAACCCCCCC
AAAAAAAAAAAAAAAAAACCCCCCC
AAAAAAAAAAAAAAAAAACCCCCCC
AAAAAAAAAAAAAAAAAACCCCCCC
AAAAAAAAAAAAAAAAAACCCCCCC
AAAAAAAAAAAAAAAAAACCCCCCC
AAAAAAAAAAAAAAAAAAEEEEEEE
AAAAAAAAAAAAAAAAAAEEEEEEE
AAAAAAAAAAAAAAAAAAEEEEEEE
AAAAAAAAAAAAAAAAAAEEEEEEE
BBBBBBBBBBBBBBBBBBBDDDDDD
BBBBBBBBBBBBBBBBBBBDDDDDD
BBBBBBBBBBBBBBBBBBBDDDDDD
BBBBBBBBBBBBBBBBBBBDDDDDD
BBBBBBBBBBBBBBBBBBBDDDDDD
BBBBBBBBBBBBBBBBBBBDDDDDD
BBBBBBBBBBBBBBBBBBBDDDDDD
Case #95:
KKKRDG
JNPRDO
CLPRDI
CLABDI
CHQEDI
MHQFDI
Case #96:
BBBB
JJJE
AIDF
AIGC
AIGH
AIGH
Case #97:
AAAAAAAAACCCCCCCCCCCCCCCC
AAAAAAAAACCCCCCCCCCCCCCCC
AAAAAAAAACCCCCCCCCCCCCCCC
AAAAAAAAACCCCCCCCCCCCCCCC
AAAAAAAAACCCCCCCCCCCCCCCC
AAAAAAAAACCCCCCCCCCCCCCCC
AAAAAAAAAEEEEEEEEEEEEEEEE
AAAAAAAAAEEEEEEEEEEEEEEEE
AAAAAAAAAEEEEEEEEEEEEEEEE
AAAAAAAAAEEEEEEEEEEEEEEEE
BBBBBBBBBBDDDDDDDDDDDDDDD
BBBBBBBBBBDDDDDDDDDDDDDDD
BBBBBBBBBBDDDDDDDDDDDDDDD
BBBBBBBBBBFFFFFFFFFFFFGGG
BBBBBBBBBBHHHHHHHHHHHHGGG
BBBBBBBBBBHHHHHHHHHHHHIII
BBBBBBBBBBJJJJJJJJJJJJIII
BBBBBBBBBBJJJJJJJJJJJJIII
BBBBBBBBBBJJJJJJJJJJJJIII
BBBBBBBBBBJJJJJJJJJJJJIII
BBBBBBBBBBJJJJJJJJJJJJIII
BBBBBBBBBBJJJJJJJJJJJJIII
BBBBBBBBBBJJJJJJJJJJJJIII
BBBBBBBBBBJJJJJJJJJJJJIII
BBBBBBBBBBJJJJJJJJJJJJIII
Case #98:
AAAAAAAAAABBBBBBBBBBBBBBB
AAAAAAAAAABBBBBBBBBBBBBBB
AAAAAAAAAABBBBBBBBBBBBBBB
AAAAAAAAAABBBBBBBBBBBBBBB
AAAAAAAAAABBBBBBBBBBBBBBB
AAAAAAAAAABBBBBBBBBBBBBBB
AAAAAAAAAABBBBBBBBBBBBBBB
AAAAAAAAAABBBBBBBBBBBBBBB
AAAAAAAAAABBBBBBBBBBBBBBB
AAAAAAAAAABBBBBBBBBBBBBBB
CCCCCCCCCCBBBBBBBBBBBBBBB
CCCCCCCCCCDDDDDDDDDDDDDDD
EEEEEEEEEEDDDDDDDDDDDDDDD
EEEEEEEEEEDDDDDDDDDDDDDDD
EEEEEEEEEEDDDDDDDDDDDDDDD
EEEEEEEEEEDDDDDDDDDDDDDDD
EEEEEEEEEEDDDDDDDDDDDDDDD
EEEEEEEEEEDDDDDDDDDDDDDDD
EEEEEEEEEEDDDDDDDDDDDDDDD
EEEEEEEEEEDDDDDDDDDDDDDDD
EEEEEEEEEEDDDDDDDDDDDDDDD
EEEEEEEEEEDDDDDDDDDDDDDDD
EEEEEEEEEEDDDDDDDDDDDDDDD
EEEEEEEEEEDDDDDDDDDDDDDDD
EEEEEEEEEEDDDDDDDDDDDDDDD
Case #99:
EEEEEEEEEEEEEEEEEEEEEEEEE
EEEEEEEEEEEEEEEEEEEEEEEEE
EEEEEEEEEEEEEEEEEEEEEEEEE
EEEEEEEEEEEEEEEEEEEEEEEEE
EEEEEEEEEEEEEEEEEEEEEEEEE
EEEEEEEEEEEEEEEEEEEEEEEEE
EEEEEEEEEEEEEEEEEEEEEEEEE
EEEEEEEEEEEEEEEEEEEEEEEEE
EEEEEEEEEEEEEEEEEEEEEEEEE
EEEEEEEEEEEEEEEEEEEEEEEEE
EEEEEEEEEEEEEEEEEEEEEEEEE
NNFFFFFFFFFFFFFFFFFFFFFFF
GLFFFFFFFFFFFFFFFFFFFFFFF
GLWIRRRRRRRRRRRRRRRRRRRRR
GCWSOMMMMMMMMMMMMMMMMMMMM
GAWSOYYYYYYYYYYYYYYYYYYYY
GAWSHDDDDDDDDDDDDDDDDDDDD
ZQUPHDDDDDDDDDDDDDDDDDDDD
BQUJVDDDDDDDDDDDDDDDDDDDD
BTXJVDDDDDDDDDDDDDDDDDDDD
BKXJVDDDDDDDDDDDDDDDDDDDD
BKXJVDDDDDDDDDDDDDDDDDDDD
BKXJVDDDDDDDDDDDDDDDDDDDD
BKXJVDDDDDDDDDDDDDDDDDDDD
BKXJVDDDDDDDDDDDDDDDDDDDD
Case #100:
PP
BU
ZU
RC
OC
AS
AS
HS
WD
WE
MK
MK
QL
GL
GL
GT
JX
YX
YX
YV
YV
YI
YI
YI
FN
