Case #1:
GGG
CCC
JJJ
Case #2:
CODE
CODE
CJAM
Case #3:
CA
KE
Case #4:
EE
EE
CC
BD
BD
AD
Case #5:
GGBD
HHEI
CAFJ
Case #6:
EEAB
CFHI
CGJD
Case #7:
EFI
KGL
DJC
ABH
Case #8:
FFBE
FFCA
FFCD
Case #9:
AABB
CCCD
EEFD
Case #10:
FCC
EED
EED
BBA
Case #11:
BCC
DCC
FAA
FEE
Case #12:
BB
AA
Case #13:
BBF
DDF
CAF
EAF
Case #14:
ACCC
AEEE
BBDF
Case #15:
DCC
BEA
BFA
BFA
Case #16:
AAAA
BBBB
CCCC
Case #17:
EEE
FFA
CCB
CCD
Case #18:
BAC
Case #19:
B
A
Case #20:
BHJF
ALKI
CDGE
Case #21:
EBB
GAD
IFJ
CHJ
Case #22:
CDA
FDA
FBA
FEA
Case #23:
ABG
DHE
CJI
CJF
Case #24:
AA
AA
Case #25:
CBB
EAA
FDD
FDD
Case #26:
DDDD
BCCE
ACCE
Case #27:
ADD
BDD
CCE
Case #28:
BBBB
EEEC
AAAD
Case #29:
BAA
EFD
EFD
ECD
Case #30:
AAB
CCB
CCD
EEF
Case #31:
ABCD
ABCD
ABCD
Case #32:
ADDD
BFEE
BCEE
Case #33:
DDE
AAB
AAC
AAC
Case #34:
AB
Case #35:
BBBC
BBBC
EEAD
Case #36:
DBBB
FCEE
FAEE
Case #37:
CHDE
GIKA
FBJA
Case #38:
CIG
HAD
EFD
BFD
Case #39:
CHDD
BGFE
JIAE
Case #40:
HHE
AAJ
CDG
FBI
Case #41:
BD
AC
Case #42:
BBBB
AAAA
Case #43:
AAAA
BBBB
CCCC
Case #44:
AABBCCDDEEFF
Case #45:
CCB
CCB
EEB
DAF
Case #46:
AAAA
DDDC
BBEC
Case #47:
AAAA
BBDD
CCCE
Case #48:
ADDE
BCCE
BCCE
Case #49:
AEC
BDF
Case #50:
AAA
BBC
Case #51:
AAB
CCB
DDE
FFE
Case #52:
CCC
FFF
DDE
BAE
Case #53:
CDD
CAB
CFB
EFB
Case #54:
AAAA
BBBB
CCCC
Case #55:
CEJA
IKGF
IBHD
Case #56:
EEF
BBF
CCF
DDA
Case #57:
ABC
DBC
DBE
Case #58:
AAD
AAD
EFC
EBC
Case #59:
AAA
Case #60:
AAAA
DDDD
EECB
Case #61:
AA
Case #62:
AAAA
BBBB
CCCC
Case #63:
DCBB
DCAA
DCEE
Case #64:
EEE
DCC
DBB
AAF
Case #65:
CCJJ
CCJJ
CCJJ
Case #66:
FAEB
HGCB
HDCB
Case #67:
AA
BB
CC
DD
EE
FF
Case #68:
ABCD
ABCD
ABCD
Case #69:
AABBCC
DDDEEF
Case #70:
AAA
AAA
Case #71:
AEEE
BBCD
BBCD
Case #72:
ABCD
ABCD
ABCD
Case #73:
CCB
EAD
Case #74:
GHAE
LCJB
DKIF
Case #75:
BBBC
AAED
IFGH
Case #76:
EEEE
BBBB
CCDA
Case #77:
BCF
ADE
ADE
ADE
Case #78:
CDB
CAB
Case #79:
EEEE
CCCD
AAAB
Case #80:
BBBB
DEEE
ACCC
Case #81:
AAA
BBB
Case #82:
FFE
BBE
DDA
CCA
Case #83:
CDD
CFB
CFB
CAE
Case #84:
CEEE
CAAB
CAAD
Case #85:
A
A
B
B
C
C
D
D
E
E
F
F
Case #86:
FFF
CID
EHJ
AGB
Case #87:
CCB
IIH
FED
FAG
Case #88:
BA
BC
Case #89:
CCCC
BDDA
EDDA
Case #90:
BJD
CHI
EGL
FKA
Case #91:
CJI
KLG
HDB
AEF
Case #92:
A
Case #93:
ECD
ABD
ABD
ABD
Case #94:
CDDD
CDDD
BBAE
Case #95:
BGLK
DJEF
HCAI
Case #96:
EEE
EEE
BBB
DCA
Case #97:
AA
AA
AA
BB
Case #98:
BAA
Case #99:
A
A
Case #100:
JKAH
CGEB
CIDF
